INFO  - loading ...
WARN  - Class not found: android.frameworkbridge.WmtHTML5Bridge$IFakeSurfaceViewBridge
WARN  - Class not found: android.frameworkbridge.WmtHTML5Bridge$ITopbarBridge
WARN  - Class not found: android.frameworkbridge.WmtHTML5Bridge$IControllerBridge
WARN  - Class not found: android.frameworkbridge.WmtHTML5Bridge$ISurfaceViewBridge
WARN  - Class not found: javax.ws.rs.ext.ExceptionMapper
WARN  - Class not found: javax.ws.rs.ext.ExceptionMapper
WARN  - Class not found: javax.activation.DataSource
WARN  - Class not found: javax.swing.tree.DefaultTreeModel
WARN  - Class not found: javax.swing.tree.TreeNode
WARN  - Class not found: org.jaxen.VariableContext
WARN  - Class not found: javax.swing.table.AbstractTableModel
WARN  - Class not found: org.jaxen.NamespaceContext
WARN  - Class not found: org.gjt.xpp.XmlStartTag
WARN  - Class not found: javax.ws.rs.ext.MessageBodyReader
WARN  - Class not found: javax.ws.rs.ext.MessageBodyWriter
WARN  - Class not found: com.sun.msv.datatype.SerializationContext
WARN  - Class not found: org.relaxng.datatype.ValidationContext
WARN  - Class not found: com.sun.msv.datatype.SerializationContext
WARN  - Class not found: org.relaxng.datatype.ValidationContext
INFO  - processing ...
ERROR - Inconsistent code in method: android.support.v4.view.ViewPager.arrowScroll(int):boolean
WARN  - Can't wrap try/catch for IF((r8_0 'command' java.lang.String) != (null java.lang.String)) then R:245 else null, method: com.clmobile.utils.ScriptUtils.runRootCommand(java.lang.String, java.lang.StringBuilder):int
WARN  - Can't wrap try/catch for IF((r4_0 'os' java.io.DataOutputStream) != (null java.io.DataOutputStream)) then R:289 else null, method: com.clmobile.utils.ScriptUtils.runRootCommand(java.lang.String, java.lang.StringBuilder):int
WARN  - Can't wrap try/catch for IF((r3_4 'os' java.io.DataOutputStream) != (null java.io.DataOutputStream)) then R:21819 else null, method: com.clmobile.utils.ScriptUtils.runRootCommand(java.lang.String, java.lang.StringBuilder):int
WARN  - Can't wrap try/catch for IF((r3_5 'os' java.io.DataOutputStream) != (null java.io.DataOutputStream)) then R:22526 else null, method: com.clmobile.utils.ScriptUtils.runRootCommand(java.lang.String, java.lang.StringBuilder):int
INFO  - !!! TODO: merge try blocks in com.clmobile.utils.ScriptUtils.runScriptAsRoot(android.content.Context, java.lang.String, java.lang.StringBuilder):int
ERROR - Inconsistent code in method: com.clmobile.utils.ScriptUtils.runRootCommand(java.lang.String, java.lang.StringBuilder):int
WARN  - Can't wrap try/catch for IF((wrap: boolean
  0x0000: INVOKE  (r15_0 boolean) =  com.clmobile.utils.ScriptUtils.hasRootAccess():boolean type: STATIC) != false) then R:2264561103123152191713201121123 else R:122, method: com.clmobile.utils.Helper.modifyBrowserHomePage(android.content.Context, java.lang.String):void
ERROR - Inconsistent code in method: com.clmobile.utils.Helper.modifyBrowserHomePage(android.content.Context, java.lang.String):void
INFO  - !!! TODO: merge try blocks in com.clouds.http.HttpFileDownloader.saveDownloadFile(int, java.lang.String, java.lang.String, java.lang.String, int, java.lang.String):com.clouds.object.FileDownloadinfo
WARN  - Can't wrap try/catch for IF((r19_0 'jsonObject' org.json.JSONObject) != (null org.json.JSONObject)) then R:172345910211121314151617186258 else null, method: com.clouds.http.HttpParserJson.getAppFileInfo(org.json.JSONObject, java.lang.String):java.util.List<com.clouds.object.JSONFileInfo>
WARN  - Can't wrap try/catch for IF((r16_0 'jsonObject' org.json.JSONObject) != (null org.json.JSONObject)) then R:52376782910111241620 else R:118, method: com.clouds.http.HttpParserJson.getCertificateInfo(org.json.JSONObject, java.lang.String):java.util.List<com.clouds.object.JSONFileInfo>
WARN  - Can't wrap try/catch for IF((r18_0 'jsonObject' org.json.JSONObject) != (null org.json.JSONObject)) then R:1723455102111213146198 else null, method: com.clouds.http.HttpParserJson.getFileInfo(org.json.JSONObject, java.lang.String):java.util.List<com.clouds.object.JSONFileInfo>
WARN  - Can't wrap try/catch for IF((r13_0 'jsonObject' org.json.JSONObject) != (null org.json.JSONObject)) then R:523264811 else R:19, method: com.clouds.http.HttpParserJson.getNotificationInfo(org.json.JSONObject, java.lang.String):java.util.List<com.clouds.object.NotificationInfo>
WARN  - Can't wrap try/catch for IF((r14_0 'jsonObject' org.json.JSONObject) != (null org.json.JSONObject)) then R:52376782910111241620 else R:118, method: com.clouds.http.HttpParserJson.getScreenshotsInfo(org.json.JSONObject, java.lang.String):java.util.List<com.clouds.object.JSONFileInfo>
WARN  - Can't wrap try/catch for IF((r9_0 'jsonObject' org.json.JSONObject) != (null org.json.JSONObject)) then R:1623384512713 else R:114, method: com.clouds.http.HttpParserJson.getVerinfoInfo(org.json.JSONObject):com.clouds.http.HttpParserJson$Verinfo
ERROR - Inconsistent code in method: com.clouds.http.HttpParserJson.getAppFileInfo(org.json.JSONObject, java.lang.String):java.util.List<com.clouds.object.JSONFileInfo>
ERROR - Inconsistent code in method: com.clouds.http.HttpParserJson.getCertificateInfo(org.json.JSONObject, java.lang.String):java.util.List<com.clouds.object.JSONFileInfo>
ERROR - Inconsistent code in method: com.clouds.http.HttpParserJson.getFileInfo(org.json.JSONObject, java.lang.String):java.util.List<com.clouds.object.JSONFileInfo>
ERROR - Inconsistent code in method: com.clouds.http.HttpParserJson.getNotificationInfo(org.json.JSONObject, java.lang.String):java.util.List<com.clouds.object.NotificationInfo>
ERROR - Inconsistent code in method: com.clouds.http.HttpParserJson.getScreenshotsInfo(org.json.JSONObject, java.lang.String):java.util.List<com.clouds.object.JSONFileInfo>
ERROR - Inconsistent code in method: com.clouds.http.HttpParserJson.getVerinfoInfo(org.json.JSONObject):com.clouds.http.HttpParserJson$Verinfo
ERROR - Inconsistent code in method: com.clouds.install.StandardFileInstall.standardDeleteApplication(java.lang.String, java.lang.String):void
ERROR - Inconsistent code in method: com.clouds.install.StandardFileInstall.standardInstallApplication(java.lang.String, java.lang.String):void
ERROR - Inconsistent code in method: com.clouds.install.StandardFileInstall.standardInstallOta(java.lang.String, java.lang.String):void
INFO  - !!! TODO: merge try blocks in com.clouds.util.FileManager.copyAssetsScript(android.content.Context, java.lang.String, java.lang.String):java.lang.String
INFO  - !!! TODO: merge try blocks in com.clouds.util.FileManager.getOtherFile(java.lang.String, java.lang.String):void
WARN  - Can't wrap try/catch for IF((r2_9 'fis' java.io.FileInputStream) != (null java.io.FileInputStream)) then R:21718 else null, method: com.clouds.util.FileManager.getOtherFile(java.lang.String, java.lang.String):void
WARN  - Can't wrap try/catch for IF((r2_13 'fis' java.io.FileInputStream) != (null java.io.FileInputStream)) then R:24748 else null, method: com.clouds.util.FileManager.getOtherFile(java.lang.String, java.lang.String):void
WARN  - Can't wrap try/catch for IF((r2_10 'fis' java.io.FileInputStream) != (null java.io.FileInputStream)) then R:22930 else null, method: com.clouds.util.FileManager.getOtherFile(java.lang.String, java.lang.String):void
WARN  - Can't wrap try/catch for IF((r2_11 'fis' java.io.FileInputStream) != (null java.io.FileInputStream)) then R:23940 else null, method: com.clouds.util.FileManager.getOtherFile(java.lang.String, java.lang.String):void
ERROR - Inconsistent code in method: com.clouds.util.FileManager.getOtherFile(java.lang.String, java.lang.String):void
WARN  - Can't wrap try/catch for IF(((r11_0 'scrres' java.lang.String) == (null java.lang.String) || (wrap: boolean
  0x000a: INVOKE  (r12_2 boolean) = (r11_0 'scrres' java.lang.String), (wrap: java.lang.String
  0x0008: CONST_STR  (r12_1 java.lang.String) =  "") java.lang.String.equals(java.lang.Object):boolean type: VIRTUAL) != false)) then R:64517111191019 else R:120, method: com.clouds.widget.DeviceApplication.getScrres(android.content.Context):java.lang.String
ERROR - Inconsistent code in method: com.clouds.widget.DeviceApplication.getScrres(android.content.Context):java.lang.String
WARN  - Can't wrap try/catch for IF((r14_0 'force_shuffle' boolean) != false) then R:267 else null, method: com.wmt.MusicPlayer.MusicUtils.playAll(android.content.Context, long[], int, int, boolean):void
WARN  - Can't wrap try/catch for IF((wrap: com.wmt.MusicPlayer.IMediaPlaybackService
  0x0001: SGET  (r1_0 com.wmt.MusicPlayer.IMediaPlaybackService) =   com.wmt.MusicPlayer.MusicUtils.sService com.wmt.MusicPlayer.IMediaPlaybackService) != (null com.wmt.MusicPlayer.IMediaPlaybackService)) then R:2234582610 else R:19, method: com.wmt.MusicPlayer.MusicUtils.togglePartyShuffle():void
ERROR - Inconsistent code in method: com.wmt.MusicPlayer.MusicUtils.playAll(android.content.Context, long[], int, int, boolean):void
ERROR - Inconsistent code in method: com.wmt.MusicPlayer.MusicUtils.togglePartyShuffle():void
INFO  - !!! TODO: merge try blocks in com.wmt.data.utils.BitmapUtils.createVideoThumbnail(java.lang.String):android.graphics.Bitmap
WARN  - Can't wrap try/catch for IF((r29_0 'useCache' boolean) != false) then R:32315 else null, method: com.wmt.data.utils.ReverseGeocoder.lookupAddress(double, double, boolean):android.location.Address
ERROR - Inconsistent code in method: com.wmt.frameworkbridge.video.html5.HTML5MediaController.dispatchKeyEvent(android.view.KeyEvent):boolean
ERROR - Inconsistent code in method: com.wmt.data.utils.ReverseGeocoder.lookupAddress(double, double, boolean):android.location.Address
ERROR - Inconsistent code in method: com.wmt.opengl.grid.BounceScroller.computeScrollOffset():boolean
WARN  - Can't wrap try/catch for IF((r4_1 'readChannel' java.nio.channels.SocketChannel) != (null java.nio.channels.SocketChannel)) then R:32325212628233161721926125 else R:122, method: com.wmt.remotectrl.ServerAcceptedChannelSelector.doRead(java.nio.channels.SelectionKey):void
ERROR - Inconsistent code in method: com.wmt.remotectrl.ServerAcceptedChannelSelector.doRead(java.nio.channels.SelectionKey):void
WARN  - Several 'all' handlers in try/catch block in com.wmt.opengl.TextureManager.clear():void
ERROR - Inconsistent code in method: com.wmt.remotectrl.ServerResponse.listenResponses():void
WARN  - Can't wrap try/catch for IF((r14_0 'recv' android.net.LocalSocket) != (null android.net.LocalSocket)) then R:7234162142161181197222223126241292528271331 else R:132, method: com.wmt.util.Network3GListener.consumeAccept(android.net.LocalSocket):void
WARN  - Can't wrap try/catch for IF((r15_0 'selectedKey' java.lang.String) != (null java.lang.String)) then R:3151623018 else null, method: com.wmt.util.Network3GListener.requetApn(android.net.LocalSocket):void
ERROR - Inconsistent code in method: com.wmt.util.Network3GListener.consumeAccept(android.net.LocalSocket):void
ERROR - Inconsistent code in method: com.wmt.util.Network3GListener.requetApn(android.net.LocalSocket):void
ERROR - Inconsistent code in method: com.wmt.util.StringBitmap.computePaint(java.lang.String, com.wmt.util.StringBitmap$Config, int, int):android.graphics.Paint
WARN  - Can't wrap try/catch for IF((r5_0 'bundleWhat' android.os.Bundle) != (null android.os.Bundle)) then R:223 else null, method: com.wmt.widget.weather.WeatherUtils.notifyUpdateFailure(android.os.Bundle):void
WARN  - Can't wrap try/catch for IF((wrap: com.wmt.widget.weather.WeatherItem
  0x0000: IGET  (r1_0 com.wmt.widget.weather.WeatherItem) = (r3_0 'this' com.wmt.widget.weather.WeatherUtils)  com.wmt.widget.weather.WeatherUtils.mWeatherItem com.wmt.widget.weather.WeatherItem) != (null com.wmt.widget.weather.WeatherItem)) then R:32318259 else R:17, method: com.wmt.widget.weather.WeatherUtils.sendDateChanged():void
ERROR - Inconsistent code in method: com.wmt.widget.weather.WeatherUtils.getWeatherItem(android.content.Context):com.wmt.widget.weather.WeatherItem
ERROR - Inconsistent code in method: com.wmt.widget.weather.WeatherUtils.notifyUpdateFailure(android.os.Bundle):void
ERROR - Inconsistent code in method: com.wmt.widget.weather.WeatherUtils.sendDateChanged():void
WARN  - Can't wrap try/catch for IF((r1_0 'sdCardExist' boolean) != false) then R:323126132714391016 else R:121218117, method: com.yongding.util.Trace.init(boolean):void
ERROR - Inconsistent code in method: com.yongding.util.Trace.init(boolean):void
ERROR - Inconsistent code in method: org.codehaus.jackson.io.NumberInput.parseInt(java.lang.String):int
WARN  - Can't wrap try/catch for IF((r1_0 'elem' java.lang.Object) == (null java.lang.Object)) then R:256 else R:12111221415, method: org.codehaus.jackson.map.ser.ContainerSerializers.CollectionSerializer.serializeContentsUsing(java.util.Collection, org.codehaus.jackson.JsonGenerator, org.codehaus.jackson.map.SerializerProvider, org.codehaus.jackson.map.JsonSerializer):void
WARN  - Can't wrap try/catch for IF((r1_0 'elem' java.lang.Object) == (null java.lang.Object)) then R:267 else R:111021213, method: org.codehaus.jackson.map.ser.ContainerSerializers.IndexedListSerializer.serializeContentsUsing(java.util.List, org.codehaus.jackson.JsonGenerator, org.codehaus.jackson.map.SerializerProvider, org.codehaus.jackson.map.JsonSerializer):void
WARN  - Can't wrap try/catch for IF((r5_0 'm' java.lang.reflect.Method) != (null java.lang.reflect.Method)) then R:42347 else R:258, method: org.codehaus.jackson.map.ser.PropertyBuilder.getDefaultValue(java.lang.String, java.lang.reflect.Method, java.lang.reflect.Field):java.lang.Object
ERROR - Inconsistent code in method: org.codehaus.jackson.map.ser.ContainerSerializers.CollectionSerializer.serializeContentsUsing(java.util.Collection, org.codehaus.jackson.JsonGenerator, org.codehaus.jackson.map.SerializerProvider, org.codehaus.jackson.map.JsonSerializer):void
ERROR - Inconsistent code in method: org.codehaus.jackson.map.ser.PropertyBuilder.getDefaultValue(java.lang.String, java.lang.reflect.Method, java.lang.reflect.Field):java.lang.Object
ERROR - Inconsistent code in method: org.codehaus.jackson.map.ser.ContainerSerializers.IndexedListSerializer.serializeContentsUsing(java.util.List, org.codehaus.jackson.JsonGenerator, org.codehaus.jackson.map.SerializerProvider, org.codehaus.jackson.map.JsonSerializer):void
ERROR - Inconsistent code in method: org.codehaus.jackson.mrbean.BeanBuilder.implement(boolean):org.codehaus.jackson.mrbean.BeanBuilder
ERROR - Inconsistent code in method: org.codehaus.jackson.org.objectweb.asm.Frame.a(org.codehaus.jackson.org.objectweb.asm.ClassWriter, int, int[], int):boolean
ERROR - Inconsistent code in method: org.codehaus.jackson.smile.SmileParserBootstrapper.hasSmileFormat(org.codehaus.jackson.format.InputAccessor):org.codehaus.jackson.format.MatchStrength
ERROR - Inconsistent code in method: org.codehaus.jackson.smile.SmileParserBootstrapper.possibleSmileValue(byte, boolean):boolean
ERROR - Inconsistent code in method: org.dom4j.io.DOMSAXContentHandler.characters(char[], int, int):void
ERROR - Inconsistent code in method: org.dom4j.io.SAXContentHandler.characters(char[], int, int):void
ERROR - Inconsistent code in method: org.dom4j.tree.ConcurrentReaderHashMap.putAll(java.util.Map):void
ERROR - Inconsistent code in method: org.dom4j.io.XMLWriter.installLexicalHandler():void
ERROR - Inconsistent code in method: org.dom4j.io.XMLWriter.writeElementContent(org.dom4j.Element):void
WARN  - Can't wrap try/catch for IF((r1_1 'answer' java.util.Map) == (null java.util.Map)) then R:22c else null, method: org.dom4j.tree.NamespaceCache.getURICache(java.lang.String):java.util.Map
ERROR - Inconsistent code in method: org.dom4j.tree.NamespaceCache.getURICache(java.lang.String):java.util.Map
ERROR - Inconsistent code in method: android.support.v4.app.FragmentManagerImpl.moveToState(android.support.v4.app.Fragment, int, int, int, boolean):void
ERROR - Inconsistent code in method: com.wmt.opengl.GLRootView.getStackTop():com.wmt.opengl.GLView
ERROR - Inconsistent code in method: com.wmt.opengl.GLRootView.onFocusChanged(boolean):void
ERROR - Inconsistent code in method: com.wmt.opengl.GLRootView.processKeyEvent(android.view.KeyEvent):boolean
ERROR - Inconsistent code in method: com.wmt.opengl.GLRootView.removeFoucsView(com.wmt.opengl.GLView):void
ERROR - Inconsistent code in method: com.wmt.util.BackgroundReceiverService.AnonymousClass_2.onReceive(android.content.Context, android.content.Intent):void
ERROR - Inconsistent code in method: com.wmt.util.WmtGridView.touch_move(int, int):void
ERROR - Inconsistent code in method: com.wmt.util.WmtGridView.bounce():void
ERROR - Inconsistent code in method: com.wmt.util.WmtGridView.drawBackground(android.graphics.Canvas):void
ERROR - Inconsistent code in method: com.wmt.util.WmtSurfaceView.RenderThread.drawBackground(android.graphics.Canvas):void
ERROR - Inconsistent code in method: com.wmt.util.WmtSurfaceView.bounce():void
ERROR - Inconsistent code in method: com.wmt.opengl.grid.GLGridView.makeFocusCenterVisible(int):void
WARN  - Several 'all' handlers in try/catch block in org.codehaus.jackson.map.deser.StdDeserializerProvider._createAndCacheValueDeserializer(org.codehaus.jackson.map.DeserializationConfig, org.codehaus.jackson.type.JavaType, org.codehaus.jackson.map.BeanProperty):org.codehaus.jackson.map.JsonDeserializer<java.lang.Object>
ERROR - Inconsistent code in method: org.codehaus.jackson.map.introspect.JacksonAnnotationIntrospector._findTypeResolver(org.codehaus.jackson.map.MapperConfig, org.codehaus.jackson.map.introspect.Annotated, org.codehaus.jackson.type.JavaType):org.codehaus.jackson.map.jsontype.TypeResolverBuilder<?>
ERROR - Inconsistent code in method: org.codehaus.jackson.map.introspect.BasicBeanDescription.okNameForGetter(org.codehaus.jackson.map.introspect.AnnotatedMethod, java.lang.String):java.lang.String
ERROR - Inconsistent code in method: org.codehaus.jackson.map.module.SimpleSerializers.findSerializer(org.codehaus.jackson.map.SerializationConfig, org.codehaus.jackson.type.JavaType, org.codehaus.jackson.map.BeanDescription, org.codehaus.jackson.map.BeanProperty):org.codehaus.jackson.map.JsonSerializer<?>
ERROR - Inconsistent code in method: org.codehaus.jackson.map.ser.SerializerBase.wrapAndThrow(org.codehaus.jackson.map.SerializerProvider, java.lang.Throwable, java.lang.Object, int):void
ERROR - Inconsistent code in method: org.codehaus.jackson.map.ser.SerializerBase.wrapAndThrow(org.codehaus.jackson.map.SerializerProvider, java.lang.Throwable, java.lang.Object, java.lang.String):void
ERROR - Inconsistent code in method: org.codehaus.jackson.org.objectweb.asm.MethodWriter.visitLabel(org.codehaus.jackson.org.objectweb.asm.Label):void
ERROR - Inconsistent code in method: org.dom4j.datatype.DatatypeDocumentFactory.createAttribute(org.dom4j.Element, org.dom4j.QName, java.lang.String):org.dom4j.Attribute
ERROR - Inconsistent code in method: org.codehaus.jackson.xc.JaxbAnnotationIntrospector.PropertyDescriptors.find(java.lang.Class):org.codehaus.jackson.xc.JaxbAnnotationIntrospector$PropertyDescriptors
ERROR - Inconsistent code in method: com.wmt.data.LocalAlbum.getMediaItemById(android.content.ContentResolver, int, boolean, java.util.ArrayList):com.wmt.data.MediaItem[]
ERROR - Inconsistent code in method: org.codehaus.jackson.map.deser.BeanDeserializer.wrapAndThrow(java.lang.Throwable, java.lang.Object, int, org.codehaus.jackson.map.DeserializationContext):void
ERROR - Inconsistent code in method: org.codehaus.jackson.map.deser.BeanDeserializer.wrapAndThrow(java.lang.Throwable, java.lang.Object, java.lang.String, org.codehaus.jackson.map.DeserializationContext):void
ERROR - Inconsistent code in method: org.codehaus.jackson.map.deser.BeanDeserializerFactory._addDeserializerConstructors(org.codehaus.jackson.map.DeserializationConfig, org.codehaus.jackson.map.introspect.BasicBeanDescription, org.codehaus.jackson.map.introspect.VisibilityChecker, org.codehaus.jackson.map.AnnotationIntrospector, org.codehaus.jackson.map.deser.CreatorContainer):void
ERROR - Inconsistent code in method: org.codehaus.jackson.map.deser.BeanDeserializerFactory._addDeserializerFactoryMethods(org.codehaus.jackson.map.DeserializationConfig, org.codehaus.jackson.map.introspect.BasicBeanDescription, org.codehaus.jackson.map.introspect.VisibilityChecker, org.codehaus.jackson.map.AnnotationIntrospector, org.codehaus.jackson.map.deser.CreatorContainer):void
ERROR - Inconsistent code in method: org.codehaus.jackson.map.ser.JsonValueSerializer.isNaturalTypeWithStdHandling(org.codehaus.jackson.type.JavaType, org.codehaus.jackson.map.JsonSerializer):boolean
ERROR - Inconsistent code in method: org.codehaus.jackson.map.type.SimpleType.equals(java.lang.Object):boolean
ERROR - Inconsistent code in method: org.codehaus.jackson.impl.WriterBasedGenerator._prependOrWriteCharacterEscape(char[], int, int, char, int):int
ERROR - Inconsistent code in method: org.codehaus.jackson.impl.Utf8Generator.close():void
ERROR - Inconsistent code in method: org.codehaus.jackson.impl.WriterBasedGenerator.close():void
ERROR - Inconsistent code in method: org.codehaus.jackson.map.deser.ArrayDeserializer.handleNonArray(org.codehaus.jackson.JsonParser, org.codehaus.jackson.map.DeserializationContext):java.lang.Object[]
WARN  - Can't wrap try/catch for IF((r3_1 'str' java.lang.String) == (null java.lang.String)) then R:289 else R:111, method: org.codehaus.jackson.map.ser.impl.StringCollectionSerializer.serializeContents(java.util.Collection, org.codehaus.jackson.JsonGenerator, org.codehaus.jackson.map.SerializerProvider):void
WARN  - Can't wrap try/catch for IF((r4_1 'str' java.lang.String) == (null java.lang.String)) then R:256 else R:289, method: org.codehaus.jackson.map.ser.impl.StringCollectionSerializer.serializeUsingCustom(java.util.Collection, org.codehaus.jackson.JsonGenerator, org.codehaus.jackson.map.SerializerProvider):void
ERROR - Inconsistent code in method: org.codehaus.jackson.map.ser.impl.StringCollectionSerializer.serializeContents(java.util.Collection, org.codehaus.jackson.JsonGenerator, org.codehaus.jackson.map.SerializerProvider):void
ERROR - Inconsistent code in method: org.codehaus.jackson.map.ser.impl.StringCollectionSerializer.serializeUsingCustom(java.util.Collection, org.codehaus.jackson.JsonGenerator, org.codehaus.jackson.map.SerializerProvider):void
WARN  - Can't wrap try/catch for IF((r11_0 'typeSer' org.codehaus.jackson.map.TypeSerializer) == (null org.codehaus.jackson.map.TypeSerializer)) then R:21920 else R:22223, method: org.codehaus.jackson.map.ser.MapSerializer.serializeFieldsUsing(java.util.Map, org.codehaus.jackson.JsonGenerator, org.codehaus.jackson.map.SerializerProvider, org.codehaus.jackson.map.JsonSerializer):void
ERROR - Inconsistent code in method: org.codehaus.jackson.map.ser.MapSerializer.serializeFieldsUsing(java.util.Map, org.codehaus.jackson.JsonGenerator, org.codehaus.jackson.map.SerializerProvider, org.codehaus.jackson.map.JsonSerializer):void
ERROR - Inconsistent code in method: org.codehaus.jackson.smile.SmileGenerator.close():void
WARN  - Can't wrap try/catch for IF((r4_0 'expType' int) == (16 int)) then R:3236 else R:247, method: org.codehaus.jackson.impl.JsonNumericParserBase._parseSlowFloatValue(int):void
ERROR - Inconsistent code in method: org.codehaus.jackson.impl.JsonNumericParserBase._parseSlowFloatValue(int):void
ERROR - Inconsistent code in method: org.codehaus.jackson.impl.ReaderBasedNumericParser.parseNumberText(int):org.codehaus.jackson.JsonToken
ERROR - JadxOverflowException in pass: RegionMakerVisitor in method: org.codehaus.jackson.impl.Utf8StreamParser._skipString():void
ERROR - Inconsistent code in method: org.codehaus.jackson.impl.Utf8StreamParser._decodeBase64(org.codehaus.jackson.Base64Variant):byte[]
ERROR - Inconsistent code in method: org.codehaus.jackson.impl.ReaderBasedParser._decodeBase64(org.codehaus.jackson.Base64Variant):byte[]
ERROR - Inconsistent code in method: org.codehaus.jackson.impl.ReaderBasedParser._handleUnusualFieldName(int):java.lang.String
ERROR - 83 errors occured in following nodes:
ERROR -   Method: android.support.v4.app.FragmentManagerImpl.moveToState(android.support.v4.app.Fragment, int, int, int, boolean):void
ERROR -   Method: android.support.v4.view.ViewPager.arrowScroll(int):boolean
ERROR -   Method: com.clmobile.utils.Helper.modifyBrowserHomePage(android.content.Context, java.lang.String):void
ERROR -   Method: com.clmobile.utils.ScriptUtils.runRootCommand(java.lang.String, java.lang.StringBuilder):int
ERROR -   Method: com.clouds.http.HttpParserJson.getAppFileInfo(org.json.JSONObject, java.lang.String):java.util.List<com.clouds.object.JSONFileInfo>
ERROR -   Method: com.clouds.http.HttpParserJson.getCertificateInfo(org.json.JSONObject, java.lang.String):java.util.List<com.clouds.object.JSONFileInfo>
ERROR -   Method: com.clouds.http.HttpParserJson.getFileInfo(org.json.JSONObject, java.lang.String):java.util.List<com.clouds.object.JSONFileInfo>
ERROR -   Method: com.clouds.http.HttpParserJson.getNotificationInfo(org.json.JSONObject, java.lang.String):java.util.List<com.clouds.object.NotificationInfo>
ERROR -   Method: com.clouds.http.HttpParserJson.getScreenshotsInfo(org.json.JSONObject, java.lang.String):java.util.List<com.clouds.object.JSONFileInfo>
ERROR -   Method: com.clouds.http.HttpParserJson.getVerinfoInfo(org.json.JSONObject):com.clouds.http.HttpParserJson$Verinfo
ERROR -   Method: com.clouds.install.StandardFileInstall.standardDeleteApplication(java.lang.String, java.lang.String):void
ERROR -   Method: com.clouds.install.StandardFileInstall.standardInstallApplication(java.lang.String, java.lang.String):void
ERROR -   Method: com.clouds.install.StandardFileInstall.standardInstallOta(java.lang.String, java.lang.String):void
ERROR -   Method: com.clouds.util.FileManager.getOtherFile(java.lang.String, java.lang.String):void
ERROR -   Method: com.clouds.widget.DeviceApplication.getScrres(android.content.Context):java.lang.String
ERROR -   Method: com.wmt.MusicPlayer.MusicUtils.playAll(android.content.Context, long[], int, int, boolean):void
ERROR -   Method: com.wmt.MusicPlayer.MusicUtils.togglePartyShuffle():void
ERROR -   Method: com.wmt.data.LocalAlbum.getMediaItemById(android.content.ContentResolver, int, boolean, java.util.ArrayList):com.wmt.data.MediaItem[]
ERROR -   Method: com.wmt.data.utils.ReverseGeocoder.lookupAddress(double, double, boolean):android.location.Address
ERROR -   Method: com.wmt.frameworkbridge.video.html5.HTML5MediaController.dispatchKeyEvent(android.view.KeyEvent):boolean
ERROR -   Method: com.wmt.opengl.GLRootView.getStackTop():com.wmt.opengl.GLView
ERROR -   Method: com.wmt.opengl.GLRootView.onFocusChanged(boolean):void
ERROR -   Method: com.wmt.opengl.GLRootView.processKeyEvent(android.view.KeyEvent):boolean
ERROR -   Method: com.wmt.opengl.GLRootView.removeFoucsView(com.wmt.opengl.GLView):void
ERROR -   Method: com.wmt.opengl.grid.BounceScroller.computeScrollOffset():boolean
ERROR -   Method: com.wmt.opengl.grid.GLGridView.makeFocusCenterVisible(int):void
ERROR -   Method: com.wmt.remotectrl.ServerAcceptedChannelSelector.doRead(java.nio.channels.SelectionKey):void
ERROR -   Method: com.wmt.remotectrl.ServerResponse.listenResponses():void
ERROR -   Method: com.wmt.util.BackgroundReceiverService.AnonymousClass_2.onReceive(android.content.Context, android.content.Intent):void
ERROR -   Method: com.wmt.util.Network3GListener.consumeAccept(android.net.LocalSocket):void
ERROR -   Method: com.wmt.util.Network3GListener.requetApn(android.net.LocalSocket):void
ERROR -   Method: com.wmt.util.StringBitmap.computePaint(java.lang.String, com.wmt.util.StringBitmap$Config, int, int):android.graphics.Paint
ERROR -   Method: com.wmt.util.WmtGridView.bounce():void
ERROR -   Method: com.wmt.util.WmtGridView.drawBackground(android.graphics.Canvas):void
ERROR -   Method: com.wmt.util.WmtGridView.touch_move(int, int):void
ERROR -   Method: com.wmt.util.WmtSurfaceView.RenderThread.drawBackground(android.graphics.Canvas):void
ERROR -   Method: com.wmt.util.WmtSurfaceView.bounce():void
ERROR -   Method: com.wmt.widget.weather.WeatherUtils.getWeatherItem(android.content.Context):com.wmt.widget.weather.WeatherItem
ERROR -   Method: com.wmt.widget.weather.WeatherUtils.notifyUpdateFailure(android.os.Bundle):void
ERROR -   Method: com.wmt.widget.weather.WeatherUtils.sendDateChanged():void
ERROR -   Method: com.yongding.util.Trace.init(boolean):void
ERROR -   Method: org.codehaus.jackson.impl.JsonNumericParserBase._parseSlowFloatValue(int):void
ERROR -   Method: org.codehaus.jackson.impl.ReaderBasedNumericParser.parseNumberText(int):org.codehaus.jackson.JsonToken
ERROR -   Method: org.codehaus.jackson.impl.ReaderBasedParser._decodeBase64(org.codehaus.jackson.Base64Variant):byte[]
ERROR -   Method: org.codehaus.jackson.impl.ReaderBasedParser._handleUnusualFieldName(int):java.lang.String
ERROR -   Method: org.codehaus.jackson.impl.Utf8Generator.close():void
ERROR -   Method: org.codehaus.jackson.impl.Utf8StreamParser._decodeBase64(org.codehaus.jackson.Base64Variant):byte[]
ERROR -   Method: org.codehaus.jackson.impl.Utf8StreamParser._skipString():void
ERROR -   Method: org.codehaus.jackson.impl.WriterBasedGenerator._prependOrWriteCharacterEscape(char[], int, int, char, int):int
ERROR -   Method: org.codehaus.jackson.impl.WriterBasedGenerator.close():void
ERROR -   Method: org.codehaus.jackson.io.NumberInput.parseInt(java.lang.String):int
ERROR -   Method: org.codehaus.jackson.map.deser.ArrayDeserializer.handleNonArray(org.codehaus.jackson.JsonParser, org.codehaus.jackson.map.DeserializationContext):java.lang.Object[]
ERROR -   Method: org.codehaus.jackson.map.deser.BeanDeserializer.wrapAndThrow(java.lang.Throwable, java.lang.Object, int, org.codehaus.jackson.map.DeserializationContext):void
ERROR -   Method: org.codehaus.jackson.map.deser.BeanDeserializer.wrapAndThrow(java.lang.Throwable, java.lang.Object, java.lang.String, org.codehaus.jackson.map.DeserializationContext):void
ERROR -   Method: org.codehaus.jackson.map.deser.BeanDeserializerFactory._addDeserializerConstructors(org.codehaus.jackson.map.DeserializationConfig, org.codehaus.jackson.map.introspect.BasicBeanDescription, org.codehaus.jackson.map.introspect.VisibilityChecker, org.codehaus.jackson.map.AnnotationIntrospector, org.codehaus.jackson.map.deser.CreatorContainer):void
ERROR -   Method: org.codehaus.jackson.map.deser.BeanDeserializerFactory._addDeserializerFactoryMethods(org.codehaus.jackson.map.DeserializationConfig, org.codehaus.jackson.map.introspect.BasicBeanDescription, org.codehaus.jackson.map.introspect.VisibilityChecker, org.codehaus.jackson.map.AnnotationIntrospector, org.codehaus.jackson.map.deser.CreatorContainer):void
ERROR -   Method: org.codehaus.jackson.map.introspect.BasicBeanDescription.okNameForGetter(org.codehaus.jackson.map.introspect.AnnotatedMethod, java.lang.String):java.lang.String
ERROR -   Method: org.codehaus.jackson.map.introspect.JacksonAnnotationIntrospector._findTypeResolver(org.codehaus.jackson.map.MapperConfig, org.codehaus.jackson.map.introspect.Annotated, org.codehaus.jackson.type.JavaType):org.codehaus.jackson.map.jsontype.TypeResolverBuilder<?>
ERROR -   Method: org.codehaus.jackson.map.module.SimpleSerializers.findSerializer(org.codehaus.jackson.map.SerializationConfig, org.codehaus.jackson.type.JavaType, org.codehaus.jackson.map.BeanDescription, org.codehaus.jackson.map.BeanProperty):org.codehaus.jackson.map.JsonSerializer<?>
ERROR -   Method: org.codehaus.jackson.map.ser.ContainerSerializers.CollectionSerializer.serializeContentsUsing(java.util.Collection, org.codehaus.jackson.JsonGenerator, org.codehaus.jackson.map.SerializerProvider, org.codehaus.jackson.map.JsonSerializer):void
ERROR -   Method: org.codehaus.jackson.map.ser.ContainerSerializers.IndexedListSerializer.serializeContentsUsing(java.util.List, org.codehaus.jackson.JsonGenerator, org.codehaus.jackson.map.SerializerProvider, org.codehaus.jackson.map.JsonSerializer):void
ERROR -   Method: org.codehaus.jackson.map.ser.JsonValueSerializer.isNaturalTypeWithStdHandling(org.codehaus.jackson.type.JavaType, org.codehaus.jackson.map.JsonSerializer):boolean
ERROR -   Method: org.codehaus.jackson.map.ser.MapSerializer.serializeFieldsUsing(java.util.Map, org.codehaus.jackson.JsonGenerator, org.codehaus.jackson.map.SerializerProvider, org.codehaus.jackson.map.JsonSerializer):void
ERROR -   Method: org.codehaus.jackson.map.ser.PropertyBuilder.getDefaultValue(java.lang.String, java.lang.reflect.Method, java.lang.reflect.Field):java.lang.Object
ERROR -   Method: org.codehaus.jackson.map.ser.SerializerBase.wrapAndThrow(org.codehaus.jackson.map.SerializerProvider, java.lang.Throwable, java.lang.Object, int):void
ERROR -   Method: org.codehaus.jackson.map.ser.SerializerBase.wrapAndThrow(org.codehaus.jackson.map.SerializerProvider, java.lang.Throwable, java.lang.Object, java.lang.String):void
ERROR -   Method: org.codehaus.jackson.map.ser.impl.StringCollectionSerializer.serializeContents(java.util.Collection, org.codehaus.jackson.JsonGenerator, org.codehaus.jackson.map.SerializerProvider):void
ERROR -   Method: org.codehaus.jackson.map.ser.impl.StringCollectionSerializer.serializeUsingCustom(java.util.Collection, org.codehaus.jackson.JsonGenerator, org.codehaus.jackson.map.SerializerProvider):void
ERROR -   Method: org.codehaus.jackson.map.type.SimpleType.equals(java.lang.Object):boolean
ERROR -   Method: org.codehaus.jackson.mrbean.BeanBuilder.implement(boolean):org.codehaus.jackson.mrbean.BeanBuilder
ERROR -   Method: org.codehaus.jackson.org.objectweb.asm.Frame.a(org.codehaus.jackson.org.objectweb.asm.ClassWriter, int, int[], int):boolean
ERROR -   Method: org.codehaus.jackson.org.objectweb.asm.MethodWriter.visitLabel(org.codehaus.jackson.org.objectweb.asm.Label):void
ERROR -   Method: org.codehaus.jackson.smile.SmileGenerator.close():void
ERROR -   Method: org.codehaus.jackson.smile.SmileParserBootstrapper.hasSmileFormat(org.codehaus.jackson.format.InputAccessor):org.codehaus.jackson.format.MatchStrength
ERROR -   Method: org.codehaus.jackson.smile.SmileParserBootstrapper.possibleSmileValue(byte, boolean):boolean
ERROR -   Method: org.codehaus.jackson.xc.JaxbAnnotationIntrospector.PropertyDescriptors.find(java.lang.Class):org.codehaus.jackson.xc.JaxbAnnotationIntrospector$PropertyDescriptors
ERROR -   Method: org.dom4j.datatype.DatatypeDocumentFactory.createAttribute(org.dom4j.Element, org.dom4j.QName, java.lang.String):org.dom4j.Attribute
ERROR -   Method: org.dom4j.io.DOMSAXContentHandler.characters(char[], int, int):void
ERROR -   Method: org.dom4j.io.SAXContentHandler.characters(char[], int, int):void
ERROR -   Method: org.dom4j.io.XMLWriter.installLexicalHandler():void
ERROR -   Method: org.dom4j.io.XMLWriter.writeElementContent(org.dom4j.Element):void
ERROR -   Method: org.dom4j.tree.ConcurrentReaderHashMap.putAll(java.util.Map):void
ERROR -   Method: org.dom4j.tree.NamespaceCache.getURICache(java.lang.String):java.util.Map
ERROR - finished with errors
