INFO  - loading ...
INFO  - loading ...
WARN  - Class not found: android.print.PrintDocumentAdapter
WARN  - Class not found: android.print.PrintDocumentAdapter
WARN  - Class not found: com.nuance.nmdp.speechkit.GenericCommand$Listener
WARN  - Class not found: com.nuance.nmdp.speechkit.DataUploadCommand$Listener
WARN  - Class not found: com.nuance.nmdp.speechkit.Vocalizer$Listener
WARN  - Class not found: com.nuance.nmdp.speechkit.Recognizer$Listener
INFO  - processing ...
WARN  - Replace sub block not supported for class "class jadx.core.dex.regions.SwitchRegion"
WARN  - Can't wrap try/catch for Switch: 2, default: R:23940, method: android.support.v4.app.FragmentActivity.viewToString(android.view.View):java.lang.String
ERROR - Inconsistent code in method: android.support.v4.app.FragmentActivity.viewToString(android.view.View):java.lang.String
ERROR - Inconsistent code in method: android.support.v4.view.ViewPager.arrowScroll(int):boolean
ERROR - Inconsistent code in method: android.support.v4.widget.SlidingPaneLayout.onMeasure(int, int):void
ERROR - Inconsistent code in method: com.android.volley.toolbox.NetworkImageView.loadImageIfNecessary(boolean):void
ERROR - Inconsistent code in method: com.facebook.ads.internal.AdAnalogData.startUpdate(android.content.Context):void
INFO  - !!! TODO: merge try blocks in com.facebook.ads.internal.AdRequest.executeConnectionAndWait():com.facebook.ads.internal.AdRequest$AdRequestResponse
INFO  - !!! TODO: merge try blocks in com.google.android.gms.common.GooglePlayServicesUtil.getOpenSourceSoftwareLicenseInfo(android.content.Context):java.lang.String
ERROR - Inconsistent code in method: com.google.android.gms.internal.c.d.a(com.google.android.gms.internal.ko):void
ERROR - Inconsistent code in method: com.google.android.gms.internal.c.d.c():int
ERROR - Inconsistent code in method: com.google.android.gms.internal.d.a.a(com.google.android.gms.internal.ko):void
ERROR - Inconsistent code in method: com.google.android.gms.internal.c.f.a(com.google.android.gms.internal.ko):void
ERROR - Inconsistent code in method: com.google.android.gms.internal.d.a.c():int
ERROR - Inconsistent code in method: com.google.android.gms.internal.c.g.a(com.google.android.gms.internal.ko):void
ERROR - Inconsistent code in method: com.google.android.gms.internal.c.h.a(com.google.android.gms.internal.ko):void
ERROR - Inconsistent code in method: com.google.android.gms.internal.dr.a(int, float, float):void
WARN  - Can't wrap try/catch for IF((r3_0 'adapter' com.google.android.gms.maps.GoogleMap$InfoWindowAdapter) == (null com.google.android.gms.maps.GoogleMap$InfoWindowAdapter)) then R:3125 else R:236, method: com.google.android.gms.maps.GoogleMap.setInfoWindowAdapter(com.google.android.gms.maps.GoogleMap$InfoWindowAdapter):void
WARN  - Can't wrap try/catch for IF((r3_0 'source' com.google.android.gms.maps.LocationSource) == (null com.google.android.gms.maps.LocationSource)) then R:3125 else R:236, method: com.google.android.gms.maps.GoogleMap.setLocationSource(com.google.android.gms.maps.LocationSource):void
WARN  - Can't wrap try/catch for IF((r3_0 'listener' com.google.android.gms.maps.GoogleMap$OnCameraChangeListener) == (null com.google.android.gms.maps.GoogleMap$OnCameraChangeListener)) then R:3125 else R:236, method: com.google.android.gms.maps.GoogleMap.setOnCameraChangeListener(com.google.android.gms.maps.GoogleMap$OnCameraChangeListener):void
WARN  - Can't wrap try/catch for IF((r3_0 'listener' com.google.android.gms.maps.GoogleMap$OnIndoorStateChangeListener) == (null com.google.android.gms.maps.GoogleMap$OnIndoorStateChangeListener)) then R:3125 else R:236, method: com.google.android.gms.maps.GoogleMap.setOnIndoorStateChangeListener(com.google.android.gms.maps.GoogleMap$OnIndoorStateChangeListener):void
WARN  - Can't wrap try/catch for IF((r3_0 'listener' com.google.android.gms.maps.GoogleMap$OnInfoWindowClickListener) == (null com.google.android.gms.maps.GoogleMap$OnInfoWindowClickListener)) then R:3125 else R:236, method: com.google.android.gms.maps.GoogleMap.setOnInfoWindowClickListener(com.google.android.gms.maps.GoogleMap$OnInfoWindowClickListener):void
WARN  - Can't wrap try/catch for IF((r3_0 'listener' com.google.android.gms.maps.GoogleMap$OnMapClickListener) == (null com.google.android.gms.maps.GoogleMap$OnMapClickListener)) then R:3125 else R:236, method: com.google.android.gms.maps.GoogleMap.setOnMapClickListener(com.google.android.gms.maps.GoogleMap$OnMapClickListener):void
WARN  - Can't wrap try/catch for IF((r3_0 'callback' com.google.android.gms.maps.GoogleMap$OnMapLoadedCallback) == (null com.google.android.gms.maps.GoogleMap$OnMapLoadedCallback)) then R:3125 else R:236, method: com.google.android.gms.maps.GoogleMap.setOnMapLoadedCallback(com.google.android.gms.maps.GoogleMap$OnMapLoadedCallback):void
WARN  - Can't wrap try/catch for IF((r3_0 'listener' com.google.android.gms.maps.GoogleMap$OnMapLongClickListener) == (null com.google.android.gms.maps.GoogleMap$OnMapLongClickListener)) then R:3125 else R:236, method: com.google.android.gms.maps.GoogleMap.setOnMapLongClickListener(com.google.android.gms.maps.GoogleMap$OnMapLongClickListener):void
WARN  - Can't wrap try/catch for IF((r3_0 'listener' com.google.android.gms.maps.GoogleMap$OnMarkerClickListener) == (null com.google.android.gms.maps.GoogleMap$OnMarkerClickListener)) then R:3125 else R:236, method: com.google.android.gms.maps.GoogleMap.setOnMarkerClickListener(com.google.android.gms.maps.GoogleMap$OnMarkerClickListener):void
WARN  - Can't wrap try/catch for IF((r3_0 'listener' com.google.android.gms.maps.GoogleMap$OnMarkerDragListener) == (null com.google.android.gms.maps.GoogleMap$OnMarkerDragListener)) then R:3125 else R:236, method: com.google.android.gms.maps.GoogleMap.setOnMarkerDragListener(com.google.android.gms.maps.GoogleMap$OnMarkerDragListener):void
WARN  - Can't wrap try/catch for IF((r3_0 'listener' com.google.android.gms.maps.GoogleMap$OnMyLocationButtonClickListener) == (null com.google.android.gms.maps.GoogleMap$OnMyLocationButtonClickListener)) then R:3125 else R:236, method: com.google.android.gms.maps.GoogleMap.setOnMyLocationButtonClickListener(com.google.android.gms.maps.GoogleMap$OnMyLocationButtonClickListener):void
WARN  - Can't wrap try/catch for IF((r3_0 'listener' com.google.android.gms.maps.GoogleMap$OnMyLocationChangeListener) == (null com.google.android.gms.maps.GoogleMap$OnMyLocationChangeListener)) then R:3125 else R:236, method: com.google.android.gms.maps.GoogleMap.setOnMyLocationChangeListener(com.google.android.gms.maps.GoogleMap$OnMyLocationChangeListener):void
ERROR - Inconsistent code in method: com.google.android.gms.maps.GoogleMap.setInfoWindowAdapter(com.google.android.gms.maps.GoogleMap$InfoWindowAdapter):void
ERROR - Inconsistent code in method: com.google.android.gms.maps.GoogleMap.setLocationSource(com.google.android.gms.maps.LocationSource):void
ERROR - Inconsistent code in method: com.google.android.gms.maps.GoogleMap.setOnCameraChangeListener(com.google.android.gms.maps.GoogleMap$OnCameraChangeListener):void
ERROR - Inconsistent code in method: com.google.android.gms.maps.GoogleMap.setOnIndoorStateChangeListener(com.google.android.gms.maps.GoogleMap$OnIndoorStateChangeListener):void
ERROR - Inconsistent code in method: com.google.android.gms.maps.GoogleMap.setOnInfoWindowClickListener(com.google.android.gms.maps.GoogleMap$OnInfoWindowClickListener):void
ERROR - Inconsistent code in method: com.google.android.gms.maps.GoogleMap.setOnMapClickListener(com.google.android.gms.maps.GoogleMap$OnMapClickListener):void
ERROR - Inconsistent code in method: com.google.android.gms.maps.GoogleMap.setOnMapLoadedCallback(com.google.android.gms.maps.GoogleMap$OnMapLoadedCallback):void
ERROR - Inconsistent code in method: com.google.android.gms.maps.GoogleMap.setOnMapLongClickListener(com.google.android.gms.maps.GoogleMap$OnMapLongClickListener):void
ERROR - Inconsistent code in method: com.google.android.gms.maps.GoogleMap.setOnMarkerClickListener(com.google.android.gms.maps.GoogleMap$OnMarkerClickListener):void
ERROR - Inconsistent code in method: com.google.android.gms.maps.GoogleMap.setOnMarkerDragListener(com.google.android.gms.maps.GoogleMap$OnMarkerDragListener):void
ERROR - Inconsistent code in method: com.google.android.gms.maps.GoogleMap.setOnMyLocationButtonClickListener(com.google.android.gms.maps.GoogleMap$OnMyLocationButtonClickListener):void
ERROR - Inconsistent code in method: com.google.android.gms.maps.GoogleMap.setOnMyLocationChangeListener(com.google.android.gms.maps.GoogleMap$OnMyLocationChangeListener):void
WARN  - Can't wrap try/catch for IF((r5_0 'savedInstanceState' android.os.Bundle) == (null android.os.Bundle)) then R:212 else null, method: com.google.android.gms.maps.MapFragment.a.onCreate(android.os.Bundle):void
ERROR - Inconsistent code in method: com.google.android.gms.maps.MapFragment.a.onCreate(android.os.Bundle):void
WARN  - Can't wrap try/catch for IF((r3_0 'listener' com.google.android.gms.maps.StreetViewPanorama$OnStreetViewPanoramaCameraChangeListener) == (null com.google.android.gms.maps.StreetViewPanorama$OnStreetViewPanoramaCameraChangeListener)) then R:3125 else R:236, method: com.google.android.gms.maps.StreetViewPanorama.setOnStreetViewPanoramaCameraChangeListener(com.google.android.gms.maps.StreetViewPanorama$OnStreetViewPanoramaCameraChangeListener):void
WARN  - Can't wrap try/catch for IF((r3_0 'listener' com.google.android.gms.maps.StreetViewPanorama$OnStreetViewPanoramaChangeListener) == (null com.google.android.gms.maps.StreetViewPanorama$OnStreetViewPanoramaChangeListener)) then R:3125 else R:236, method: com.google.android.gms.maps.StreetViewPanorama.setOnStreetViewPanoramaChangeListener(com.google.android.gms.maps.StreetViewPanorama$OnStreetViewPanoramaChangeListener):void
WARN  - Can't wrap try/catch for IF((r3_0 'listener' com.google.android.gms.maps.StreetViewPanorama$OnStreetViewPanoramaClickListener) == (null com.google.android.gms.maps.StreetViewPanorama$OnStreetViewPanoramaClickListener)) then R:3125 else R:236, method: com.google.android.gms.maps.StreetViewPanorama.setOnStreetViewPanoramaClickListener(com.google.android.gms.maps.StreetViewPanorama$OnStreetViewPanoramaClickListener):void
ERROR - Inconsistent code in method: com.google.android.gms.maps.StreetViewPanorama.setOnStreetViewPanoramaCameraChangeListener(com.google.android.gms.maps.StreetViewPanorama$OnStreetViewPanoramaCameraChangeListener):void
ERROR - Inconsistent code in method: com.google.android.gms.maps.StreetViewPanorama.setOnStreetViewPanoramaChangeListener(com.google.android.gms.maps.StreetViewPanorama$OnStreetViewPanoramaChangeListener):void
ERROR - Inconsistent code in method: com.google.android.gms.maps.StreetViewPanorama.setOnStreetViewPanoramaClickListener(com.google.android.gms.maps.StreetViewPanorama$OnStreetViewPanoramaClickListener):void
WARN  - Can't wrap try/catch for IF((r5_0 'savedInstanceState' android.os.Bundle) == (null android.os.Bundle)) then R:212 else null, method: com.google.android.gms.maps.StreetViewPanoramaFragment.a.onCreate(android.os.Bundle):void
ERROR - Inconsistent code in method: com.google.android.gms.maps.StreetViewPanoramaFragment.a.onCreate(android.os.Bundle):void
WARN  - Last argument in varargs method not array in method: com.google.android.gms.plus.Plus.PlusOptions.Builder.addActivityTypes(java.lang.String[]):com.google.android.gms.plus.Plus$PlusOptions$Builder
WARN  - Can't wrap try/catch for IF((r9_0 java.lang.String) == (null java.lang.String)) then R:212 else R:3457, method: com.google.android.gms.plus.internal.g.a(android.content.Context, int, int, java.lang.String, int):android.view.View
ERROR - Inconsistent code in method: com.google.android.gms.plus.internal.g.a(android.content.Context, int, int, java.lang.String, int):android.view.View
WARN  - Can't wrap try/catch for IF((r5_0 android.content.Context) == (null android.content.Context)) then R:31219 else R:2327203910212224131171823, method: com.inmobi.commons.InMobi.a(android.content.Context, java.lang.String):void
ERROR - Inconsistent code in method: com.inmobi.commons.InMobi.a(android.content.Context, java.lang.String):void
WARN  - Can't wrap try/catch for IF((r6_0 android.content.Context) == (null android.content.Context)) then R:31223 else R:124243672926210214274151192022229128, method: com.inmobi.commons.analytics.androidsdk.IMAdTracker.init(android.content.Context, java.lang.String):void
ERROR - Inconsistent code in method: com.inmobi.commons.analytics.androidsdk.IMAdTracker.init(android.content.Context, java.lang.String):void
ERROR - Inconsistent code in method: com.inmobi.commons.analytics.bootstrapper.AnalyticsInitializer.a(android.content.Context):void
WARN  - Replace sub block not supported for class "class jadx.core.dex.regions.SwitchRegion"
WARN  - Can't wrap try/catch for Switch: 3, default: R:111, method: com.inmobi.androidsdk.IMBrowserActivity.a(int, java.lang.String, java.lang.String, java.lang.String, int):void
ERROR - Inconsistent code in method: com.inmobi.androidsdk.IMBrowserActivity.a(int, java.lang.String, java.lang.String, java.lang.String, int):void
WARN  - Can't wrap try/catch for IF((r5_0 java.lang.String) == (null java.lang.String)) then R:31212 else R:1389211161152613, method: com.inmobi.commons.analytics.events.AnalyticsEventsWrapper.beginSection(int, java.lang.String, java.util.Map):void
WARN  - Can't wrap try/catch for IF((r8_0 java.lang.String) == (null java.lang.String)) then R:31212 else R:1389211161152613, method: com.inmobi.commons.analytics.events.AnalyticsEventsWrapper.endSection(int, java.lang.String, java.util.Map):void
WARN  - Can't wrap try/catch for IF((r4_0 java.util.Map<java.lang.String, java.lang.String>) != (null java.util.Map<java.lang.String, java.lang.String>)) then R:312247 else null, method: com.inmobi.commons.analytics.events.AnalyticsEventsWrapper.endSession(java.util.Map):void
WARN  - Can't wrap try/catch for IF((r4_0 java.lang.String) != (null java.lang.String)) then R:312131011152813 else null, method: com.inmobi.commons.analytics.events.AnalyticsEventsWrapper.startSession(java.lang.String, java.util.Map):void
WARN  - Can't wrap try/catch for IF((r4_0 java.lang.String) != (null java.lang.String)) then R:312131011213181172815 else null, method: com.inmobi.commons.analytics.events.AnalyticsEventsWrapper.tagEvent(java.lang.String, java.util.Map):void
WARN  - Can't wrap try/catch for IF((r4_0 android.content.Intent) == (null android.content.Intent)) then R:3127 else R:2325918, method: com.inmobi.commons.analytics.events.AnalyticsEventsWrapper.tagTransactionManually(android.content.Intent, android.os.Bundle):void
ERROR - Inconsistent code in method: com.inmobi.commons.analytics.events.AnalyticsEventsWrapper.beginSection(int, java.lang.String, java.util.Map):void
WARN  - Can't wrap try/catch for IF(((r8_0 android.content.Context) == (null android.content.Context) || (r9_0 java.lang.String) == (null java.lang.String))) then R:33419 else R:4517821220514151171822, method: com.inmobi.commons.analytics.iat.impl.AdTrackerUtils.setInternalReferrer(android.content.Context, java.lang.String):void
WARN  - Can't wrap try/catch for IF(((r5_0 android.content.Context) == (null android.content.Context) || (r6_0 java.lang.String) == (null java.lang.String))) then R:3239 else R:4416710, method: com.inmobi.commons.analytics.iat.impl.AdTrackerUtils.setReferrerFromLogs(android.content.Context, java.lang.String):void
ERROR - Inconsistent code in method: com.inmobi.commons.analytics.events.AnalyticsEventsWrapper.endSection(int, java.lang.String, java.util.Map):void
ERROR - Inconsistent code in method: com.inmobi.commons.analytics.events.AnalyticsEventsWrapper.endSession(java.util.Map):void
ERROR - Inconsistent code in method: com.inmobi.commons.analytics.iat.impl.AdTrackerUtils.setInternalReferrer(android.content.Context, java.lang.String):void
ERROR - Inconsistent code in method: com.inmobi.commons.analytics.events.AnalyticsEventsWrapper.startSession(java.lang.String, java.util.Map):void
ERROR - Inconsistent code in method: com.inmobi.commons.analytics.events.AnalyticsEventsWrapper.tagEvent(java.lang.String, java.util.Map):void
ERROR - Inconsistent code in method: com.inmobi.commons.analytics.events.AnalyticsEventsWrapper.tagTransactionManually(android.content.Intent, android.os.Bundle):void
ERROR - Inconsistent code in method: com.inmobi.commons.analytics.iat.impl.AdTrackerUtils.setReferrerFromLogs(android.content.Context, java.lang.String):void
ERROR - Inconsistent code in method: com.inmobi.commons.analytics.iat.impl.config.AdTrackerInitializer.a(android.content.Context):void
WARN  - Can't wrap try/catch for IF((r11_0 java.lang.String) != (null java.lang.String)) then R:32346682101121171311511816222023 else null, method: com.inmobi.commons.analytics.iat.impl.GoalList.increaseRetryTime(java.lang.String, int, boolean):boolean
ERROR - Inconsistent code in method: com.inmobi.commons.analytics.iat.impl.GoalList.increaseRetryTime(java.lang.String, int, boolean):boolean
INFO  - !!! TODO: merge try blocks in com.inmobi.commons.analytics.iat.impl.net.AdTrackerWebViewLoader.a(java.lang.String):com.inmobi.commons.analytics.iat.impl.net.AdTrackerWebViewLoader$d
ERROR - Inconsistent code in method: com.inmobi.commons.data.LocationInfo.currentLocationStr():java.lang.String
WARN  - Can't wrap try/catch for IF((r6_0 java.lang.String) != (null java.lang.String)) then R:3344101178 else null, method: com.inmobi.commons.db.DatabaseHandler.getAll(java.lang.String, java.lang.String):android.database.Cursor
WARN  - Can't wrap try/catch for IF((r8_0 java.lang.String) != (null java.lang.String)) then R:3344101178 else null, method: com.inmobi.commons.db.DatabaseHandler.getNRows(java.lang.String, java.lang.String, int):android.database.Cursor
WARN  - Can't wrap try/catch for IF((r5_0 java.lang.String) != (null java.lang.String)) then R:3233567 else null, method: com.inmobi.commons.db.DatabaseHandler.getNoOfRows(java.lang.String, java.lang.String, java.lang.String[]):int
WARN  - Can't wrap try/catch for IF((r6_0 java.lang.String) != (null java.lang.String)) then R:3344101178 else null, method: com.inmobi.commons.db.DatabaseHandler.getRow(java.lang.String, java.lang.String, java.lang.String[]):android.database.Cursor
ERROR - Inconsistent code in method: com.inmobi.commons.db.DatabaseHandler.getAll(java.lang.String, java.lang.String):android.database.Cursor
ERROR - Inconsistent code in method: com.inmobi.commons.db.DatabaseHandler.getNRows(java.lang.String, java.lang.String, int):android.database.Cursor
ERROR - Inconsistent code in method: com.inmobi.commons.db.DatabaseHandler.getNoOfRows(java.lang.String, java.lang.String, java.lang.String[]):int
ERROR - Inconsistent code in method: com.inmobi.commons.db.DatabaseHandler.getRow(java.lang.String, java.lang.String, java.lang.String[]):android.database.Cursor
WARN  - Can't wrap try/catch for IF((r7_0 java.lang.Object[]) != (null java.lang.Object[])) then R:323152719 else null, method: com.inmobi.commons.internal.ApplicationFocusManager.b.invoke(java.lang.Object, java.lang.reflect.Method, java.lang.Object[]):java.lang.Object
ERROR - Inconsistent code in method: com.inmobi.commons.internal.ApplicationFocusManager.b.invoke(java.lang.Object, java.lang.reflect.Method, java.lang.Object[]):java.lang.Object
WARN  - Can't wrap try/catch for IF((r3_0 int) == (1 int)) then R:3141529 else R:2162183021922131122333132, method: com.inmobi.commons.internal.InternalSDKUtil.getConnectivityType(android.content.Context):java.lang.String
WARN  - Can't wrap try/catch for IF((r5_0 java.lang.String) != (null java.lang.String)) then R:3125528611913 else null, method: com.inmobi.commons.internal.InternalSDKUtil.getDigested(java.lang.String, java.lang.String):java.lang.String
INFO  - !!! TODO: merge try blocks in com.inmobi.commons.internal.InternalSDKUtil.getFinalRedirectedUrl(java.lang.String):java.lang.String
ERROR - Inconsistent code in method: com.inmobi.commons.internal.InternalSDKUtil.getConnectivityType(android.content.Context):java.lang.String
ERROR - Inconsistent code in method: com.inmobi.commons.internal.InternalSDKUtil.getDigested(java.lang.String, java.lang.String):java.lang.String
WARN  - Can't wrap try/catch for IF((r0_3 int) != (0 int)) then R:34516 else R:410111217, method: com.inmobi.commons.internal.WrapperFunctions.getDisplayHeight(android.view.Display):int
WARN  - Can't wrap try/catch for IF((r0_3 int) != (0 int)) then R:34516 else R:410111217, method: com.inmobi.commons.internal.WrapperFunctions.getDisplayWidth(android.view.Display):int
ERROR - Inconsistent code in method: com.inmobi.commons.internal.WrapperFunctions.getDisplayHeight(android.view.Display):int
ERROR - Inconsistent code in method: com.inmobi.commons.internal.WrapperFunctions.getDisplayWidth(android.view.Display):int
WARN  - Can't wrap try/catch for IF((r0_2 int) == (200 int)) then R:345667281101171812021 else R:32728130, method: com.inmobi.commons.network.NetworkRequestTask.a():void
ERROR - Inconsistent code in method: com.inmobi.commons.network.NetworkRequestTask.a():void
WARN  - Can't wrap try/catch for IF((wrap: boolean
  0x0009: INVOKE  (r0_2 boolean) = (r3_0 int), (wrap: void
  ?: SGET    com.millennialmedia.android.MMAdView.TRANSITION_UP int) com.inmobi.commons.thinICE.icedatacollector.ThinICEConfigSettings.bitTest(int, int):boolean type: STATIC) == false) then R:12 else R:110, method: com.inmobi.commons.thinICE.icedatacollector.IceDataCollector.getConnectedWifiInfo(android.content.Context):com.inmobi.commons.thinICE.wifi.WifiInfo
ERROR - Inconsistent code in method: com.inmobi.commons.thinICE.icedatacollector.IceDataCollector.getConnectedWifiInfo(android.content.Context):com.inmobi.commons.thinICE.wifi.WifiInfo
ERROR - Inconsistent code in method: com.inmobi.commons.thinICE.icedatacollector.a.run():void
ERROR - JadxOverflowException in pass: RegionMakerVisitor in method: com.inmobi.commons.thirdparty.Base64.c.a(byte[], int, int, boolean):boolean
ERROR - Inconsistent code in method: com.inmobi.commons.thirdparty.Base64.a.a(byte[], int, int, boolean):boolean
ERROR - Inconsistent code in method: com.inmobi.monetization.internal.carb.CarbInitializer.b(android.content.Context):void
ERROR - Inconsistent code in method: com.inmobi.monetization.internal.configs.Initializer.a(android.content.Context):void
ERROR - Inconsistent code in method: com.inmobi.monetization.internal.configs.PkInitilaizer.b(android.content.Context):void
ERROR - Inconsistent code in method: com.inmobi.monetization.internal.carb.CARB.a.a(java.lang.String):int
ERROR - Inconsistent code in method: com.inmobi.re.configs.Initializer.a(android.content.Context):void
ERROR - Inconsistent code in method: com.inmobi.re.container.IMWebView.pauseAudio(java.lang.String):void
ERROR - Inconsistent code in method: com.inmobi.re.container.mraidimpl.MRAIDAudioVideoController.a(java.lang.String, java.lang.String, android.app.Activity):boolean
ERROR - JadxOverflowException in pass: RegionMakerVisitor in method: com.inmobi.monetization.internal.imai.RequestResponseManager.a.run():void
WARN  - Can't wrap try/catch for IF(true == (r1_7 boolean)) then R:289 else R:21213, method: com.inmobi.monetization.internal.imai.RequestResponseManager.processClickHttpClient(java.lang.String, boolean):boolean
ERROR - Inconsistent code in method: com.inmobi.monetization.internal.imai.RequestResponseManager.processClickHttpClient(java.lang.String, boolean):boolean
ERROR - Inconsistent code in method: com.inmobi.re.controller.util.AVPlayer.c():void
INFO  - !!! TODO: merge try blocks in com.isssss.myadv.utils.ApkUtil.install(java.lang.String):java.lang.String
WARN  - Can't wrap try/catch for IF((r4_1 'errIs' java.io.InputStream) != (null java.io.InputStream)) then R:21011 else null, method: com.isssss.myadv.utils.ApkUtil.install(java.lang.String):java.lang.String
WARN  - Can't wrap try/catch for IF((r4_2 'errIs' java.io.InputStream) != (null java.io.InputStream)) then R:22324 else null, method: com.isssss.myadv.utils.ApkUtil.install(java.lang.String):java.lang.String
WARN  - Can't wrap try/catch for IF((r4_3 'errIs' java.io.InputStream) != (null java.io.InputStream)) then R:23536 else null, method: com.isssss.myadv.utils.ApkUtil.install(java.lang.String):java.lang.String
WARN  - Can't wrap try/catch for IF((r4_4 'errIs' java.io.InputStream) != (null java.io.InputStream)) then R:24546 else null, method: com.isssss.myadv.utils.ApkUtil.install(java.lang.String):java.lang.String
ERROR - Inconsistent code in method: com.isssss.myadv.utils.ApkUtil.install(java.lang.String):java.lang.String
ERROR - Incorrect type for fill-array insn 0x0085, element type: ?[int, float], insn element type: float in method: com.loopme.ExipPopupLayout.<init>(android.content.Context):void
WARN  - Can't wrap try/catch for IF((r10_1 'inStream' java.io.InputStream) != (null java.io.InputStream)) then R:22122 else null, method: com.millennialmedia.android.AdCache.downloadComponent(java.lang.String, java.lang.String, java.io.File, android.content.Context):boolean
WARN  - Can't wrap try/catch for IF((r10_1 'inStream' java.io.InputStream) != (null java.io.InputStream)) then R:25556 else null, method: com.millennialmedia.android.AdCache.downloadComponent(java.lang.String, java.lang.String, java.io.File, android.content.Context):boolean
WARN  - Can't wrap try/catch for IF((r10_1 'inStream' java.io.InputStream) != (null java.io.InputStream)) then R:26667 else null, method: com.millennialmedia.android.AdCache.downloadComponent(java.lang.String, java.lang.String, java.io.File, android.content.Context):boolean
WARN  - Can't wrap try/catch for IF((r10_2 'inStream' java.io.InputStream) != (null java.io.InputStream)) then R:24041 else null, method: com.millennialmedia.android.AdCache.downloadComponent(java.lang.String, java.lang.String, java.io.File, android.content.Context):boolean
WARN  - Can't wrap try/catch for IF((r10_3 'inStream' java.io.InputStream) != (null java.io.InputStream)) then R:27677 else null, method: com.millennialmedia.android.AdCache.downloadComponent(java.lang.String, java.lang.String, java.io.File, android.content.Context):boolean
WARN  - Can't wrap try/catch for IF((r2_0 'cacheDir' java.io.File) != (null java.io.File)) then R:32315 else null, method: com.millennialmedia.android.AdCache.getCachedAdFile(android.content.Context, java.lang.String):java.io.File
ERROR - JadxRuntimeException in pass: RegionMakerVisitor in method: com.millennialmedia.android.AdCache.iterateCachedAds(android.content.Context, int, com.millennialmedia.android.AdCache$Iterator):void
jadx.core.utils.exceptions.JadxRuntimeException: Try/catch wrap count limit reached in com.millennialmedia.android.AdCache.iterateCachedAds(android.content.Context, int, com.millennialmedia.android.AdCache$Iterator):void
	at jadx.core.dex.visitors.regions.ProcessTryCatchRegions.process(ProcessTryCatchRegions.java:52) ~[jadx-core-0.5.3-dev-build112.jar:na]
	at jadx.core.dex.visitors.regions.RegionMakerVisitor.postProcessRegions(RegionMakerVisitor.java:45) ~[jadx-core-0.5.3-dev-build112.jar:na]
	at jadx.core.dex.visitors.regions.RegionMakerVisitor.visit(RegionMakerVisitor.java:40) ~[jadx-core-0.5.3-dev-build112.jar:na]
	at jadx.core.dex.visitors.DepthTraversal.visit(DepthTraversal.java:27) [jadx-core-0.5.3-dev-build112.jar:na]
	at jadx.core.dex.visitors.DepthTraversal.visit(DepthTraversal.java:16) [jadx-core-0.5.3-dev-build112.jar:na]
	at jadx.core.ProcessClass.process(ProcessClass.java:22) [jadx-core-0.5.3-dev-build112.jar:na]
	at jadx.api.JadxDecompiler.processClass(JadxDecompiler.java:209) [jadx-core-0.5.3-dev-build112.jar:na]
	at jadx.api.JavaClass.decompile(JavaClass.java:59) [jadx-core-0.5.3-dev-build112.jar:na]
	at jadx.api.JadxDecompiler$1.run(JadxDecompiler.java:133) [jadx-core-0.5.3-dev-build112.jar:na]
	at java.util.concurrent.ThreadPoolExecutor.runWorker(ThreadPoolExecutor.java:1145) [na:1.7.0_65]
	at java.util.concurrent.ThreadPoolExecutor$Worker.run(ThreadPoolExecutor.java:615) [na:1.7.0_65]
	at java.lang.Thread.run(Thread.java:745) [na:1.7.0_65]
INFO  - !!! TODO: merge try blocks in com.millennialmedia.android.AdCache.load(android.content.Context, java.lang.String):com.millennialmedia.android.CachedAd
ERROR - Inconsistent code in method: com.millennialmedia.android.AdCache.downloadComponent(java.lang.String, java.lang.String, java.io.File, android.content.Context):boolean
ERROR - Inconsistent code in method: com.millennialmedia.android.AdCache.getCachedAdFile(android.content.Context, java.lang.String):java.io.File
INFO  - !!! TODO: merge try blocks in com.millennialmedia.android.HandShake.AnonymousClass_1.run():void
ERROR - Inconsistent code in method: com.millennialmedia.android.HandShake.AnonymousClass_1.run():void
INFO  - !!! TODO: merge try blocks in com.millennialmedia.android.MRaid.AnonymousClass_1.run():void
WARN  - Can't wrap try/catch for IF((r7_0 'fileStream' java.io.FileInputStream) != (null java.io.FileInputStream)) then R:21415 else null, method: com.millennialmedia.android.MRaid.getMMJSStats(android.content.Context):java.lang.String
WARN  - Can't wrap try/catch for IF((r6_6 'fileStream' java.io.FileInputStream) != (null java.io.FileInputStream)) then R:24445 else null, method: com.millennialmedia.android.MRaid.getMMJSStats(android.content.Context):java.lang.String
WARN  - Can't wrap try/catch for IF((r6_7 'fileStream' java.io.FileInputStream) != (null java.io.FileInputStream)) then R:25152 else null, method: com.millennialmedia.android.MRaid.getMMJSStats(android.content.Context):java.lang.String
WARN  - Can't wrap try/catch for IF((r2_0 'mraidJsFile' java.io.File) != (null java.io.File)) then R:21617 else null, method: com.millennialmedia.android.MRaid.saveMRaid(android.content.Context, java.io.InputStream):boolean
ERROR - Inconsistent code in method: com.millennialmedia.android.MRaid.getMMJSStats(android.content.Context):java.lang.String
ERROR - Inconsistent code in method: com.millennialmedia.android.MRaid.saveMRaid(android.content.Context, java.io.InputStream):boolean
WARN  - Several 'all' handlers in try/catch block in com.millennialmedia.android.PreCacheWorker.run():void
WARN  - Several 'all' handlers in try/catch block in com.millennialmedia.android.PreCacheWorker.run():void
ERROR - Inconsistent code in method: com.millennialmedia.google.gson.internal._$Gson$Types.equals(java.lang.reflect.Type, java.lang.reflect.Type):boolean
ERROR - Inconsistent code in method: com.millennialmedia.google.gson.internal._$Gson$Types.getGenericSupertype(java.lang.reflect.Type, java.lang.Class, java.lang.Class):java.lang.reflect.Type
ERROR - Inconsistent code in method: com.millennialmedia.google.gson.stream.JsonReader.peekNumber():int
ERROR - Inconsistent code in method: com.millennialmedia.google.gson.stream.JsonWriter.string(java.lang.String):void
WARN  - Can't wrap try/catch for IF((r0_0 'result' com.mopub.common.ClientMetadata) == (null com.mopub.common.ClientMetadata)) then R:226 else null, method: com.mopub.common.ClientMetadata.getInstance(android.content.Context):com.mopub.common.ClientMetadata
ERROR - Inconsistent code in method: com.mopub.common.ClientMetadata.getInstance(android.content.Context):com.mopub.common.ClientMetadata
ERROR - Inconsistent code in method: com.mopub.common.DiskLruCache.readJournal():void
ERROR - JadxOverflowException in pass: RegionMakerVisitor in method: com.mopub.mobileads.util.Base64.Encoder.process(byte[], int, int, boolean):boolean
ERROR - Inconsistent code in method: com.mopub.mobileads.util.Base64.Decoder.process(byte[], int, int, boolean):boolean
ERROR - Inconsistent code in method: mobi.vserv.android.ads.VservAd.AdClickReceiver.onReceive(android.content.Context, android.content.Intent):void
WARN  - Can't wrap try/catch for IF((r5_2 'is' java.io.InputStream) != (null java.io.InputStream)) then R:23132 else null, method: mobi.vserv.android.ads.VservManager.makeHttpPostConnection(java.lang.String, java.lang.String):java.lang.String
WARN  - Can't wrap try/catch for IF((r5_4 'is' java.io.InputStream) != (null java.io.InputStream)) then R:2910 else null, method: mobi.vserv.android.ads.VservManager.makeHttpPostConnection(java.lang.String, java.lang.String):java.lang.String
WARN  - Can't wrap try/catch for IF((r5_6 'is' java.io.InputStream) != (null java.io.InputStream)) then R:24445 else null, method: mobi.vserv.android.ads.VservManager.makeHttpPostConnection(java.lang.String, java.lang.String):java.lang.String
WARN  - Can't wrap try/catch for IF((r7_0 't_adobj' java.lang.Object) != (null java.lang.Object)) then R:512145272914210163121318 else R:115, method: mobi.vserv.android.ads.VservManager.setAdview(java.lang.Object):void
ERROR - Inconsistent code in method: mobi.vserv.android.ads.VservManager.makeHttpPostConnection(java.lang.String, java.lang.String):java.lang.String
ERROR - Inconsistent code in method: mobi.vserv.android.ads.VservManager.setAdview(java.lang.Object):void
INFO  - !!! TODO: merge try blocks in mobi.vserv.org.ormma.view.OrmmaView.loadInputStream(java.io.InputStream, java.lang.String):void
WARN  - Can't wrap try/catch for IF((wrap: boolean
  0x0000: INVOKE  (r5_0 boolean) = (r8_0 'url' java.lang.String) android.webkit.URLUtil.isValidUrl(java.lang.String):boolean type: STATIC) != false) then R:3634517198131216 else R:114, method: mobi.vserv.org.ormma.view.OrmmaView.loadUrl(java.lang.String, boolean, java.lang.String):void
WARN  - Can't wrap try/catch for IF((r14_0 'data' android.os.Bundle) != (null android.os.Bundle)) then R:19231561891111211413215117181222312526228130234353149 else R:83613839141422441461484751, method: mobi.vserv.org.ormma.view.OrmmaView.playVideoImpl(android.os.Bundle):void
ERROR - Inconsistent code in method: mobi.vserv.org.ormma.view.OrmmaView.loadUrl(java.lang.String, boolean, java.lang.String):void
ERROR - Inconsistent code in method: mobi.vserv.org.ormma.view.OrmmaView.open(java.lang.String, boolean, boolean, boolean):void
ERROR - Inconsistent code in method: mobi.vserv.org.ormma.view.OrmmaView.playVideoImpl(android.os.Bundle):void
ERROR - Inconsistent code in method: mobi.vserv.org.ormma.view.OrmmaView.setVideoType(java.lang.String):void
ERROR - Inconsistent code in method: android.support.v4.widget.ListViewAutoScrollHelper.canTargetScrollVertically(int):boolean
ERROR - JadxRuntimeException in pass: RegionMakerVisitor in method: com.android.volley.toolbox.DiskBasedCache.initialize():void
jadx.core.utils.exceptions.JadxRuntimeException: Try/catch wrap count limit reached in com.android.volley.toolbox.DiskBasedCache.initialize():void
	at jadx.core.dex.visitors.regions.ProcessTryCatchRegions.process(ProcessTryCatchRegions.java:52) ~[jadx-core-0.5.3-dev-build112.jar:na]
	at jadx.core.dex.visitors.regions.RegionMakerVisitor.postProcessRegions(RegionMakerVisitor.java:45) ~[jadx-core-0.5.3-dev-build112.jar:na]
	at jadx.core.dex.visitors.regions.RegionMakerVisitor.visit(RegionMakerVisitor.java:40) ~[jadx-core-0.5.3-dev-build112.jar:na]
	at jadx.core.dex.visitors.DepthTraversal.visit(DepthTraversal.java:27) [jadx-core-0.5.3-dev-build112.jar:na]
	at jadx.core.dex.visitors.DepthTraversal.visit(DepthTraversal.java:16) [jadx-core-0.5.3-dev-build112.jar:na]
	at jadx.core.ProcessClass.process(ProcessClass.java:22) [jadx-core-0.5.3-dev-build112.jar:na]
	at jadx.api.JadxDecompiler.processClass(JadxDecompiler.java:209) [jadx-core-0.5.3-dev-build112.jar:na]
	at jadx.api.JavaClass.decompile(JavaClass.java:59) [jadx-core-0.5.3-dev-build112.jar:na]
	at jadx.api.JadxDecompiler$1.run(JadxDecompiler.java:133) [jadx-core-0.5.3-dev-build112.jar:na]
	at java.util.concurrent.ThreadPoolExecutor.runWorker(ThreadPoolExecutor.java:1145) [na:1.7.0_65]
	at java.util.concurrent.ThreadPoolExecutor$Worker.run(ThreadPoolExecutor.java:615) [na:1.7.0_65]
	at java.lang.Thread.run(Thread.java:745) [na:1.7.0_65]
ERROR - Inconsistent code in method: android.support.v4.app.FragmentManagerImpl.moveToState(android.support.v4.app.Fragment, int, int, int, boolean):void
WARN  - Can't wrap try/catch for IF((r1_3 boolean) != false) then R:22829 else null, method: com.google.android.gms.analytics.ah.a(java.util.List, com.google.android.gms.analytics.ab, boolean):int
ERROR - Inconsistent code in method: com.google.android.gms.analytics.ah.a(java.util.List, com.google.android.gms.analytics.ab, boolean):int
ERROR - JadxRuntimeException in pass: RegionMakerVisitor in method: com.google.android.gms.analytics.ac.t(int):java.util.List<com.google.android.gms.analytics.x>
jadx.core.utils.exceptions.JadxRuntimeException: Try/catch wrap count limit reached in com.google.android.gms.analytics.ac.t(int):java.util.List<com.google.android.gms.analytics.x>
	at jadx.core.dex.visitors.regions.ProcessTryCatchRegions.process(ProcessTryCatchRegions.java:52) ~[jadx-core-0.5.3-dev-build112.jar:na]
	at jadx.core.dex.visitors.regions.RegionMakerVisitor.postProcessRegions(RegionMakerVisitor.java:45) ~[jadx-core-0.5.3-dev-build112.jar:na]
	at jadx.core.dex.visitors.regions.RegionMakerVisitor.visit(RegionMakerVisitor.java:40) ~[jadx-core-0.5.3-dev-build112.jar:na]
	at jadx.core.dex.visitors.DepthTraversal.visit(DepthTraversal.java:27) [jadx-core-0.5.3-dev-build112.jar:na]
	at jadx.core.dex.visitors.DepthTraversal.visit(DepthTraversal.java:16) [jadx-core-0.5.3-dev-build112.jar:na]
	at jadx.core.ProcessClass.process(ProcessClass.java:22) [jadx-core-0.5.3-dev-build112.jar:na]
	at jadx.api.JadxDecompiler.processClass(JadxDecompiler.java:209) [jadx-core-0.5.3-dev-build112.jar:na]
	at jadx.api.JavaClass.decompile(JavaClass.java:59) [jadx-core-0.5.3-dev-build112.jar:na]
	at jadx.api.JadxDecompiler$1.run(JadxDecompiler.java:133) [jadx-core-0.5.3-dev-build112.jar:na]
	at java.util.concurrent.ThreadPoolExecutor.runWorker(ThreadPoolExecutor.java:1145) [na:1.7.0_65]
	at java.util.concurrent.ThreadPoolExecutor$Worker.run(ThreadPoolExecutor.java:615) [na:1.7.0_65]
	at java.lang.Thread.run(Thread.java:745) [na:1.7.0_65]
ERROR - Inconsistent code in method: com.google.android.gms.analytics.ac.s(int):java.util.List<java.lang.String>
ERROR - Inconsistent code in method: com.google.android.gms.cast.CastDevice.equals(java.lang.Object):boolean
ERROR - Inconsistent code in method: com.google.android.gms.cast.CastDevice.getIcon(int, int):com.google.android.gms.common.images.WebImage
INFO  - !!! TODO: merge try blocks in com.google.android.gms.internal.du.aY():void
WARN  - Can't wrap try/catch for IF((r5_0 'savedInstanceState' android.os.Bundle) == (null android.os.Bundle)) then R:212 else null, method: com.google.android.gms.maps.SupportStreetViewPanoramaFragment.a.onCreate(android.os.Bundle):void
WARN  - Can't wrap try/catch for IF((r5_0 'savedInstanceState' android.os.Bundle) == (null android.os.Bundle)) then R:212 else null, method: com.google.android.gms.maps.SupportMapFragment.a.onCreate(android.os.Bundle):void
ERROR - Inconsistent code in method: com.google.android.gms.maps.SupportMapFragment.a.onCreate(android.os.Bundle):void
ERROR - Inconsistent code in method: com.google.android.gms.maps.SupportStreetViewPanoramaFragment.a.onCreate(android.os.Bundle):void
ERROR - Inconsistent code in method: com.google.android.gms.maps.model.LatLngBounds.Builder.d(double):boolean
ERROR - Inconsistent code in method: com.google.android.gms.maps.model.LatLngBounds.d(double):boolean
ERROR - JadxRuntimeException in pass: RegionMakerVisitor in method: com.google.android.gms.tagmanager.ca.t(int):java.util.List<com.google.android.gms.tagmanager.ap>
jadx.core.utils.exceptions.JadxRuntimeException: Try/catch wrap count limit reached in com.google.android.gms.tagmanager.ca.t(int):java.util.List<com.google.android.gms.tagmanager.ap>
	at jadx.core.dex.visitors.regions.ProcessTryCatchRegions.process(ProcessTryCatchRegions.java:52) ~[jadx-core-0.5.3-dev-build112.jar:na]
	at jadx.core.dex.visitors.regions.RegionMakerVisitor.postProcessRegions(RegionMakerVisitor.java:45) ~[jadx-core-0.5.3-dev-build112.jar:na]
	at jadx.core.dex.visitors.regions.RegionMakerVisitor.visit(RegionMakerVisitor.java:40) ~[jadx-core-0.5.3-dev-build112.jar:na]
	at jadx.core.dex.visitors.DepthTraversal.visit(DepthTraversal.java:27) [jadx-core-0.5.3-dev-build112.jar:na]
	at jadx.core.dex.visitors.DepthTraversal.visit(DepthTraversal.java:16) [jadx-core-0.5.3-dev-build112.jar:na]
	at jadx.core.ProcessClass.process(ProcessClass.java:22) [jadx-core-0.5.3-dev-build112.jar:na]
	at jadx.api.JadxDecompiler.processClass(JadxDecompiler.java:209) [jadx-core-0.5.3-dev-build112.jar:na]
	at jadx.api.JavaClass.decompile(JavaClass.java:59) [jadx-core-0.5.3-dev-build112.jar:na]
	at jadx.api.JadxDecompiler$1.run(JadxDecompiler.java:133) [jadx-core-0.5.3-dev-build112.jar:na]
	at java.util.concurrent.ThreadPoolExecutor.runWorker(ThreadPoolExecutor.java:1145) [na:1.7.0_65]
	at java.util.concurrent.ThreadPoolExecutor$Worker.run(ThreadPoolExecutor.java:615) [na:1.7.0_65]
	at java.lang.Thread.run(Thread.java:745) [na:1.7.0_65]
ERROR - Inconsistent code in method: com.google.android.gms.tagmanager.ca.s(int):java.util.List<java.lang.String>
WARN  - Can't wrap try/catch for IF((r1_2 int) != (0 int)) then R:21112 else null, method: com.google.android.gms.tagmanager.da.d(java.util.List):void
ERROR - Inconsistent code in method: com.google.android.gms.tagmanager.da.d(java.util.List):void
WARN  - Can't wrap try/catch for IF((r1_0 java.io.ObjectInputStream) != (null java.io.ObjectInputStream)) then R:267 else null, method: com.google.android.gms.tagmanager.v.j(byte[]):java.lang.Object
WARN  - Can't wrap try/catch for IF((r1_4 java.io.ObjectInputStream) != (null java.io.ObjectInputStream)) then R:21213 else null, method: com.google.android.gms.tagmanager.v.j(byte[]):java.lang.Object
WARN  - Can't wrap try/catch for IF((r1_8 java.io.ObjectInputStream) != (null java.io.ObjectInputStream)) then R:21819 else null, method: com.google.android.gms.tagmanager.v.j(byte[]):java.lang.Object
WARN  - Can't wrap try/catch for IF((r1_12 java.io.ObjectInputStream) != (null java.io.ObjectInputStream)) then R:22425 else null, method: com.google.android.gms.tagmanager.v.j(byte[]):java.lang.Object
WARN  - Can't wrap try/catch for IF((r1_0 java.io.ObjectOutputStream) != (null java.io.ObjectOutputStream)) then R:267 else null, method: com.google.android.gms.tagmanager.v.j(java.lang.Object):byte[]
WARN  - Can't wrap try/catch for IF((r1_4 java.io.ObjectOutputStream) != (null java.io.ObjectOutputStream)) then R:21213 else null, method: com.google.android.gms.tagmanager.v.j(java.lang.Object):byte[]
WARN  - Can't wrap try/catch for IF((r1_8 java.io.ObjectOutputStream) != (null java.io.ObjectOutputStream)) then R:21819 else null, method: com.google.android.gms.tagmanager.v.j(java.lang.Object):byte[]
ERROR - Inconsistent code in method: com.google.android.gms.tagmanager.v.cc(int):java.util.List<java.lang.String>
ERROR - Inconsistent code in method: com.google.android.gms.tagmanager.v.j(byte[]):java.lang.Object
ERROR - Inconsistent code in method: com.google.android.gms.tagmanager.v.j(java.lang.Object):byte[]
WARN  - Can't wrap try/catch for IF((r0_2 com.inmobi.monetization.internal.InterstitialAd) != (null com.inmobi.monetization.internal.InterstitialAd)) then R:3234 else R:19, method: com.inmobi.monetization.internal.InterstitialAd.b.handleMessage(android.os.Message):void
ERROR - Inconsistent code in method: com.inmobi.monetization.internal.InterstitialAd.b.handleMessage(android.os.Message):void
WARN  - Can't wrap try/catch for IF((r11_0 com.inmobi.commons.network.Response) != (null com.inmobi.commons.network.Response)) then R:312242628163212597131571523171812922363723924124368167244691661612452471712517225217425675 else R:160, method: com.inmobi.monetization.internal.NativeAd.handleResponse(com.inmobi.monetization.internal.i, com.inmobi.commons.network.Response):void
ERROR - Inconsistent code in method: com.inmobi.monetization.internal.NativeAd.handleResponse(com.inmobi.monetization.internal.i, com.inmobi.commons.network.Response):void
ERROR - Inconsistent code in method: com.millennialmedia.android.AdViewOverlayActivity.onCreate(android.os.Bundle):void
ERROR - Inconsistent code in method: com.inmobi.re.controller.JSUtilityController.supports(java.lang.String):boolean
ERROR - Inconsistent code in method: com.millennialmedia.android.InterstitialAd.canShow(android.content.Context, com.millennialmedia.android.MMAdImpl, boolean):boolean
WARN  - Can't wrap try/catch for IF((0 int) != (0 int)) then R:23233 else null, method: com.millennialmedia.android.BridgeMMMedia.PickerActivity.onActivityResult(int, int, android.content.Intent):void
WARN  - Can't wrap try/catch for IF((r19_0 'in' java.io.InputStream) != (null java.io.InputStream)) then R:28384 else null, method: com.millennialmedia.android.BridgeMMMedia.PickerActivity.onActivityResult(int, int, android.content.Intent):void
WARN  - Can't wrap try/catch for IF((0 int) != (0 int)) then R:22021 else null, method: com.millennialmedia.android.BridgeMMMedia.PickerActivity.onActivityResult(int, int, android.content.Intent):void
WARN  - Can't wrap try/catch for IF((0 int) != (0 int)) then R:24748 else null, method: com.millennialmedia.android.BridgeMMMedia.PickerActivity.onActivityResult(int, int, android.content.Intent):void
WARN  - Can't wrap try/catch for IF((r18_8 'in' java.io.InputStream) != (null java.io.InputStream)) then R:27576 else null, method: com.millennialmedia.android.BridgeMMMedia.PickerActivity.onActivityResult(int, int, android.content.Intent):void
WARN  - Can't wrap try/catch for IF((r18_9 'in' java.io.InputStream) != (null java.io.InputStream)) then R:29394 else null, method: com.millennialmedia.android.BridgeMMMedia.PickerActivity.onActivityResult(int, int, android.content.Intent):void
WARN  - Can't wrap try/catch for IF((r11_0 'fis' java.io.FileInputStream) != (null java.io.FileInputStream)) then R:21516 else null, method: com.millennialmedia.android.BridgeMMMedia.scaleBitmapToBytes(java.io.File, int, int, java.lang.String):byte[]
WARN  - Can't wrap try/catch for IF((r17_2 'scaledBitmap' android.graphics.Bitmap) != (null android.graphics.Bitmap)) then R:23132 else null, method: com.millennialmedia.android.BridgeMMMedia.scaleBitmapToBytes(java.io.File, int, int, java.lang.String):byte[]
WARN  - Can't wrap try/catch for IF((r10_7 'fis' java.io.FileInputStream) != (null java.io.FileInputStream)) then R:24647 else null, method: com.millennialmedia.android.BridgeMMMedia.scaleBitmapToBytes(java.io.File, int, int, java.lang.String):byte[]
WARN  - Can't wrap try/catch for IF((r10_8 'fis' java.io.FileInputStream) != (null java.io.FileInputStream)) then R:25354 else null, method: com.millennialmedia.android.BridgeMMMedia.scaleBitmapToBytes(java.io.File, int, int, java.lang.String):byte[]
WARN  - Can't wrap try/catch for IF((r17_2 'scaledBitmap' android.graphics.Bitmap) != (null android.graphics.Bitmap)) then R:26667 else null, method: com.millennialmedia.android.BridgeMMMedia.scaleBitmapToBytes(java.io.File, int, int, java.lang.String):byte[]
WARN  - Can't wrap try/catch for IF((r17_2 'scaledBitmap' android.graphics.Bitmap) != (null android.graphics.Bitmap)) then R:27677 else null, method: com.millennialmedia.android.BridgeMMMedia.scaleBitmapToBytes(java.io.File, int, int, java.lang.String):byte[]
ERROR - Inconsistent code in method: com.millennialmedia.android.BridgeMMMedia.PickerActivity.onActivityResult(int, int, android.content.Intent):void
ERROR - Inconsistent code in method: com.millennialmedia.android.BridgeMMMedia.scaleBitmapToBytes(java.io.File, int, int, java.lang.String):byte[]
ERROR - Inconsistent code in method: com.millennialmedia.android.VideoAd.canShow(android.content.Context, com.millennialmedia.android.MMAdImpl, boolean):boolean
WARN  - Can't wrap try/catch for IF((r0_3 'adImpl' com.millennialmedia.android.MMAdImpl) != (null com.millennialmedia.android.MMAdImpl)) then R:5452861011 else R:113, method: com.millennialmedia.android.MMAdImplController.RequestAdRunnable.isAdUrlBuildable():boolean
ERROR - Inconsistent code in method: com.millennialmedia.android.MMAdImplController.RequestAdRunnable.isAdUrlBuildable():boolean
INFO  - !!! TODO: merge try blocks in com.millennialmedia.google.gson.DefaultDateTypeAdapter.deserializeToDate(com.millennialmedia.google.gson.JsonElement):java.util.Date
ERROR - Inconsistent code in method: com.millennialmedia.google.gson.JsonPrimitive.equals(java.lang.Object):boolean
WARN  - Can't wrap try/catch for IF((wrap: boolean
  0x0008: INVOKE  (r8_1 boolean) = (r2_0 'context' android.content.Context) com.mopub.mobileads.util.Mraids.isCalendarAvailable(android.content.Context):boolean type: STATIC) != false) then R:6234719311121142161720424628 else R:21932, method: com.mopub.mobileads.MraidDisplayController.createCalendarEvent(java.util.Map):void
ERROR - Inconsistent code in method: com.mopub.mobileads.MraidDisplayController.createCalendarEvent(java.util.Map):void
ERROR - Inconsistent code in method: mobi.vserv.android.ads.VservAdManager.onActivityResult(int, int, android.content.Intent):void
ERROR - Inconsistent code in method: mobi.vserv.android.ads.VservAdManager.onKeyDown(int, android.view.KeyEvent):boolean
WARN  - Can't wrap try/catch for IF((r7_0 com.google.android.gms.common.api.a$d<com.google.android.gms.games.achievement.Achievements$UpdateAchievementResult>) == (null com.google.android.gms.common.api.a$d<com.google.android.gms.games.achievement.Achievements$UpdateAchievementResult>)) then R:11 else R:14, method: com.google.android.gms.games.internal.GamesClientImpl.a(com.google.android.gms.common.api.a$d, java.lang.String, int):void
WARN  - Can't wrap try/catch for IF((r7_0 com.google.android.gms.common.api.a$d<com.google.android.gms.games.leaderboard.Leaderboards$SubmitScoreResult>) == (null com.google.android.gms.common.api.a$d<com.google.android.gms.games.leaderboard.Leaderboards$SubmitScoreResult>)) then R:11 else R:14, method: com.google.android.gms.games.internal.GamesClientImpl.a(com.google.android.gms.common.api.a$d, java.lang.String, long, java.lang.String):void
WARN  - Can't wrap try/catch for IF((r5_0 com.google.android.gms.common.api.a$d<com.google.android.gms.games.achievement.Achievements$UpdateAchievementResult>) == (null com.google.android.gms.common.api.a$d<com.google.android.gms.games.achievement.Achievements$UpdateAchievementResult>)) then R:11 else R:14, method: com.google.android.gms.games.internal.GamesClientImpl.b(com.google.android.gms.common.api.a$d, java.lang.String):void
WARN  - Can't wrap try/catch for IF((r7_0 com.google.android.gms.common.api.a$d<com.google.android.gms.games.achievement.Achievements$UpdateAchievementResult>) == (null com.google.android.gms.common.api.a$d<com.google.android.gms.games.achievement.Achievements$UpdateAchievementResult>)) then R:11 else R:14, method: com.google.android.gms.games.internal.GamesClientImpl.b(com.google.android.gms.common.api.a$d, java.lang.String, int):void
WARN  - Can't wrap try/catch for IF((r5_0 com.google.android.gms.common.api.a$d<com.google.android.gms.games.achievement.Achievements$UpdateAchievementResult>) == (null com.google.android.gms.common.api.a$d<com.google.android.gms.games.achievement.Achievements$UpdateAchievementResult>)) then R:11 else R:14, method: com.google.android.gms.games.internal.GamesClientImpl.c(com.google.android.gms.common.api.a$d, java.lang.String):void
ERROR - Inconsistent code in method: com.google.android.gms.games.internal.GamesClientImpl.a(com.google.android.gms.common.api.a$d, java.lang.String, int):void
ERROR - Inconsistent code in method: com.google.android.gms.games.internal.GamesClientImpl.a(com.google.android.gms.common.api.a$d, java.lang.String, long, java.lang.String):void
ERROR - Inconsistent code in method: com.google.android.gms.games.internal.GamesClientImpl.b(com.google.android.gms.common.api.a$d, java.lang.String):void
ERROR - Inconsistent code in method: com.google.android.gms.games.internal.GamesClientImpl.b(com.google.android.gms.common.api.a$d, java.lang.String, int):void
ERROR - Inconsistent code in method: com.google.android.gms.games.internal.GamesClientImpl.c(com.google.android.gms.common.api.a$d, java.lang.String):void
WARN  - Can't wrap try/catch for IF((r3_0 com.google.android.gms.common.api.a$d<com.google.android.gms.appstate.AppStateManager$StateResult>) == (null com.google.android.gms.common.api.a$d<com.google.android.gms.appstate.AppStateManager$StateResult>)) then R:11 else R:14, method: com.google.android.gms.internal.ei.a(com.google.android.gms.common.api.a$d, int, byte[]):void
ERROR - Inconsistent code in method: com.google.android.gms.internal.ei.a(com.google.android.gms.common.api.a$d, int, byte[]):void
WARN  - Can't wrap try/catch for IF(((r4_0 'geofences' java.util.List) == (null java.util.List<com.google.android.gms.internal.hd>) || (wrap: int
  0x0005: INVOKE  (r0_0 int) = (r4_0 'geofences' java.util.List) java.util.List.size():int type: INTERFACE) <= (0 int))) then R:111 else R:14, method: com.google.android.gms.internal.hc.addGeofences(java.util.List, android.app.PendingIntent, com.google.android.gms.location.LocationClient$OnAddGeofencesResultListener):void
WARN  - Can't wrap try/catch for IF((r5_0 'listener' com.google.android.gms.location.LocationClient$OnRemoveGeofencesResultListener) == (null java.lang.Object)) then R:12 else R:16, method: com.google.android.gms.internal.hc.removeGeofences(android.app.PendingIntent, com.google.android.gms.location.LocationClient$OnRemoveGeofencesResultListener):void
WARN  - Can't wrap try/catch for IF(((r5_0 'geofenceRequestIds' java.util.List<java.lang.String>) == (null java.util.List<java.lang.String>) || (wrap: int
  0x0006: INVOKE  (r0_0 int) = (r5_0 'geofenceRequestIds' java.util.List<java.lang.String>) java.util.List.size():int type: INTERFACE) <= (0 int))) then R:111 else R:14, method: com.google.android.gms.internal.hc.removeGeofences(java.util.List, com.google.android.gms.location.LocationClient$OnRemoveGeofencesResultListener):void
ERROR - Inconsistent code in method: com.google.android.gms.internal.hc.addGeofences(java.util.List, android.app.PendingIntent, com.google.android.gms.location.LocationClient$OnAddGeofencesResultListener):void
ERROR - Inconsistent code in method: com.google.android.gms.internal.hc.removeGeofences(android.app.PendingIntent, com.google.android.gms.location.LocationClient$OnRemoveGeofencesResultListener):void
ERROR - Inconsistent code in method: com.google.android.gms.internal.hc.removeGeofences(java.util.List, com.google.android.gms.location.LocationClient$OnRemoveGeofencesResultListener):void
INFO  - !!! TODO: merge try blocks in mobi.vserv.android.ads.VservAdController.AnonymousClass_1.run():void
ERROR - JadxRuntimeException in pass: RegionMakerVisitor in method: mobi.vserv.android.ads.VservAdController.getMetaData():void
jadx.core.utils.exceptions.JadxRuntimeException: Try/catch wrap count limit reached in mobi.vserv.android.ads.VservAdController.getMetaData():void
	at jadx.core.dex.visitors.regions.ProcessTryCatchRegions.process(ProcessTryCatchRegions.java:52) ~[jadx-core-0.5.3-dev-build112.jar:na]
	at jadx.core.dex.visitors.regions.RegionMakerVisitor.postProcessRegions(RegionMakerVisitor.java:45) ~[jadx-core-0.5.3-dev-build112.jar:na]
	at jadx.core.dex.visitors.regions.RegionMakerVisitor.visit(RegionMakerVisitor.java:40) ~[jadx-core-0.5.3-dev-build112.jar:na]
	at jadx.core.dex.visitors.DepthTraversal.visit(DepthTraversal.java:27) [jadx-core-0.5.3-dev-build112.jar:na]
	at jadx.core.dex.visitors.DepthTraversal.visit(DepthTraversal.java:16) [jadx-core-0.5.3-dev-build112.jar:na]
	at jadx.core.ProcessClass.process(ProcessClass.java:22) [jadx-core-0.5.3-dev-build112.jar:na]
	at jadx.api.JadxDecompiler.processClass(JadxDecompiler.java:209) [jadx-core-0.5.3-dev-build112.jar:na]
	at jadx.api.JavaClass.decompile(JavaClass.java:59) [jadx-core-0.5.3-dev-build112.jar:na]
	at jadx.api.JadxDecompiler$1.run(JadxDecompiler.java:133) [jadx-core-0.5.3-dev-build112.jar:na]
	at java.util.concurrent.ThreadPoolExecutor.runWorker(ThreadPoolExecutor.java:1145) [na:1.7.0_65]
	at java.util.concurrent.ThreadPoolExecutor$Worker.run(ThreadPoolExecutor.java:615) [na:1.7.0_65]
	at java.lang.Thread.run(Thread.java:745) [na:1.7.0_65]
ERROR - Inconsistent code in method: com.google.android.gms.tagmanager.o.a(com.google.android.gms.internal.c$j, long, boolean):void
ERROR - Inconsistent code in method: mobi.vserv.android.ads.VservAdController.AnonymousClass_1.run():void
ERROR - Inconsistent code in method: com.millennialmedia.android.AdViewOverlayView.<init>(com.millennialmedia.android.AdViewOverlayActivity, com.millennialmedia.android.OverlaySettings):void
ERROR - Inconsistent code in method: mobi.vserv.android.ads.VservAdController.AnonymousClass_1.run():void
ERROR - Inconsistent code in method: mobi.vserv.android.ads.VservAdController.AnonymousClass_1.run():void
WARN  - Can't wrap try/catch for IF((r9_2 'is' java.io.InputStream) != (null java.io.InputStream)) then R:23233 else null, method: com.millennialmedia.android.MMAdView.initEclipseAd(android.content.Context):void
WARN  - Can't wrap try/catch for IF((r9_3 'is' java.io.InputStream) != (null java.io.InputStream)) then R:21920 else null, method: com.millennialmedia.android.MMAdView.initEclipseAd(android.content.Context):void
WARN  - Can't wrap try/catch for IF((r9_4 'is' java.io.InputStream) != (null java.io.InputStream)) then R:24041 else null, method: com.millennialmedia.android.MMAdView.initEclipseAd(android.content.Context):void
ERROR - Inconsistent code in method: com.millennialmedia.android.MMAdView.initEclipseAd(android.content.Context):void
ERROR - Inconsistent code in method: mobi.vserv.android.ads.VservAdController.makeHttpConnection(java.lang.String, int):java.io.InputStream
ERROR - Inconsistent code in method: com.nostra13.universalimageloader.cache.memory.LimitedMemoryCache.put(java.lang.Object, java.lang.Object):boolean
ERROR - Inconsistent code in method: mobi.vserv.android.ads.VservAdController.setAdvsFlow(byte[]):void
INFO  - !!! TODO: merge try blocks in com.google.android.gms.internal.k.b(android.content.Context):void
ERROR - 143 errors occured in following nodes:
ERROR -   Method: android.support.v4.app.FragmentActivity.viewToString(android.view.View):java.lang.String
ERROR -   Method: android.support.v4.app.FragmentManagerImpl.moveToState(android.support.v4.app.Fragment, int, int, int, boolean):void
ERROR -   Method: android.support.v4.view.ViewPager.arrowScroll(int):boolean
ERROR -   Method: android.support.v4.widget.ListViewAutoScrollHelper.canTargetScrollVertically(int):boolean
ERROR -   Method: android.support.v4.widget.SlidingPaneLayout.onMeasure(int, int):void
ERROR -   Method: com.android.volley.toolbox.DiskBasedCache.initialize():void
ERROR -   Method: com.android.volley.toolbox.NetworkImageView.loadImageIfNecessary(boolean):void
ERROR -   Method: com.facebook.ads.internal.AdAnalogData.startUpdate(android.content.Context):void
ERROR -   Method: com.google.android.gms.analytics.ac.s(int):java.util.List<java.lang.String>
ERROR -   Method: com.google.android.gms.analytics.ac.t(int):java.util.List<com.google.android.gms.analytics.x>
ERROR -   Method: com.google.android.gms.analytics.ah.a(java.util.List, com.google.android.gms.analytics.ab, boolean):int
ERROR -   Method: com.google.android.gms.cast.CastDevice.equals(java.lang.Object):boolean
ERROR -   Method: com.google.android.gms.cast.CastDevice.getIcon(int, int):com.google.android.gms.common.images.WebImage
ERROR -   Method: com.google.android.gms.games.internal.GamesClientImpl.a(com.google.android.gms.common.api.a$d, java.lang.String, int):void
ERROR -   Method: com.google.android.gms.games.internal.GamesClientImpl.a(com.google.android.gms.common.api.a$d, java.lang.String, long, java.lang.String):void
ERROR -   Method: com.google.android.gms.games.internal.GamesClientImpl.b(com.google.android.gms.common.api.a$d, java.lang.String):void
ERROR -   Method: com.google.android.gms.games.internal.GamesClientImpl.b(com.google.android.gms.common.api.a$d, java.lang.String, int):void
ERROR -   Method: com.google.android.gms.games.internal.GamesClientImpl.c(com.google.android.gms.common.api.a$d, java.lang.String):void
ERROR -   Method: com.google.android.gms.internal.c.d.a(com.google.android.gms.internal.ko):void
ERROR -   Method: com.google.android.gms.internal.c.d.c():int
ERROR -   Method: com.google.android.gms.internal.c.f.a(com.google.android.gms.internal.ko):void
ERROR -   Method: com.google.android.gms.internal.c.g.a(com.google.android.gms.internal.ko):void
ERROR -   Method: com.google.android.gms.internal.c.h.a(com.google.android.gms.internal.ko):void
ERROR -   Method: com.google.android.gms.internal.d.a.a(com.google.android.gms.internal.ko):void
ERROR -   Method: com.google.android.gms.internal.d.a.c():int
ERROR -   Method: com.google.android.gms.internal.dr.a(int, float, float):void
ERROR -   Method: com.google.android.gms.internal.ei.a(com.google.android.gms.common.api.a$d, int, byte[]):void
ERROR -   Method: com.google.android.gms.internal.hc.addGeofences(java.util.List, android.app.PendingIntent, com.google.android.gms.location.LocationClient$OnAddGeofencesResultListener):void
ERROR -   Method: com.google.android.gms.internal.hc.removeGeofences(android.app.PendingIntent, com.google.android.gms.location.LocationClient$OnRemoveGeofencesResultListener):void
ERROR -   Method: com.google.android.gms.internal.hc.removeGeofences(java.util.List, com.google.android.gms.location.LocationClient$OnRemoveGeofencesResultListener):void
ERROR -   Method: com.google.android.gms.maps.GoogleMap.setInfoWindowAdapter(com.google.android.gms.maps.GoogleMap$InfoWindowAdapter):void
ERROR -   Method: com.google.android.gms.maps.GoogleMap.setLocationSource(com.google.android.gms.maps.LocationSource):void
ERROR -   Method: com.google.android.gms.maps.GoogleMap.setOnCameraChangeListener(com.google.android.gms.maps.GoogleMap$OnCameraChangeListener):void
ERROR -   Method: com.google.android.gms.maps.GoogleMap.setOnIndoorStateChangeListener(com.google.android.gms.maps.GoogleMap$OnIndoorStateChangeListener):void
ERROR -   Method: com.google.android.gms.maps.GoogleMap.setOnInfoWindowClickListener(com.google.android.gms.maps.GoogleMap$OnInfoWindowClickListener):void
ERROR -   Method: com.google.android.gms.maps.GoogleMap.setOnMapClickListener(com.google.android.gms.maps.GoogleMap$OnMapClickListener):void
ERROR -   Method: com.google.android.gms.maps.GoogleMap.setOnMapLoadedCallback(com.google.android.gms.maps.GoogleMap$OnMapLoadedCallback):void
ERROR -   Method: com.google.android.gms.maps.GoogleMap.setOnMapLongClickListener(com.google.android.gms.maps.GoogleMap$OnMapLongClickListener):void
ERROR -   Method: com.google.android.gms.maps.GoogleMap.setOnMarkerClickListener(com.google.android.gms.maps.GoogleMap$OnMarkerClickListener):void
ERROR -   Method: com.google.android.gms.maps.GoogleMap.setOnMarkerDragListener(com.google.android.gms.maps.GoogleMap$OnMarkerDragListener):void
ERROR -   Method: com.google.android.gms.maps.GoogleMap.setOnMyLocationButtonClickListener(com.google.android.gms.maps.GoogleMap$OnMyLocationButtonClickListener):void
ERROR -   Method: com.google.android.gms.maps.GoogleMap.setOnMyLocationChangeListener(com.google.android.gms.maps.GoogleMap$OnMyLocationChangeListener):void
ERROR -   Method: com.google.android.gms.maps.MapFragment.a.onCreate(android.os.Bundle):void
ERROR -   Method: com.google.android.gms.maps.StreetViewPanorama.setOnStreetViewPanoramaCameraChangeListener(com.google.android.gms.maps.StreetViewPanorama$OnStreetViewPanoramaCameraChangeListener):void
ERROR -   Method: com.google.android.gms.maps.StreetViewPanorama.setOnStreetViewPanoramaChangeListener(com.google.android.gms.maps.StreetViewPanorama$OnStreetViewPanoramaChangeListener):void
ERROR -   Method: com.google.android.gms.maps.StreetViewPanorama.setOnStreetViewPanoramaClickListener(com.google.android.gms.maps.StreetViewPanorama$OnStreetViewPanoramaClickListener):void
ERROR -   Method: com.google.android.gms.maps.StreetViewPanoramaFragment.a.onCreate(android.os.Bundle):void
ERROR -   Method: com.google.android.gms.maps.SupportMapFragment.a.onCreate(android.os.Bundle):void
ERROR -   Method: com.google.android.gms.maps.SupportStreetViewPanoramaFragment.a.onCreate(android.os.Bundle):void
ERROR -   Method: com.google.android.gms.maps.model.LatLngBounds.Builder.d(double):boolean
ERROR -   Method: com.google.android.gms.maps.model.LatLngBounds.d(double):boolean
ERROR -   Method: com.google.android.gms.plus.internal.g.a(android.content.Context, int, int, java.lang.String, int):android.view.View
ERROR -   Method: com.google.android.gms.tagmanager.ca.s(int):java.util.List<java.lang.String>
ERROR -   Method: com.google.android.gms.tagmanager.ca.t(int):java.util.List<com.google.android.gms.tagmanager.ap>
ERROR -   Method: com.google.android.gms.tagmanager.da.d(java.util.List):void
ERROR -   Method: com.google.android.gms.tagmanager.o.a(com.google.android.gms.internal.c$j, long, boolean):void
ERROR -   Method: com.google.android.gms.tagmanager.v.cc(int):java.util.List<java.lang.String>
ERROR -   Method: com.google.android.gms.tagmanager.v.j(byte[]):java.lang.Object
ERROR -   Method: com.google.android.gms.tagmanager.v.j(java.lang.Object):byte[]
ERROR -   Method: com.inmobi.androidsdk.IMBrowserActivity.a(int, java.lang.String, java.lang.String, java.lang.String, int):void
ERROR -   Method: com.inmobi.commons.InMobi.a(android.content.Context, java.lang.String):void
ERROR -   Method: com.inmobi.commons.analytics.androidsdk.IMAdTracker.init(android.content.Context, java.lang.String):void
ERROR -   Method: com.inmobi.commons.analytics.bootstrapper.AnalyticsInitializer.a(android.content.Context):void
ERROR -   Method: com.inmobi.commons.analytics.events.AnalyticsEventsWrapper.beginSection(int, java.lang.String, java.util.Map):void
ERROR -   Method: com.inmobi.commons.analytics.events.AnalyticsEventsWrapper.endSection(int, java.lang.String, java.util.Map):void
ERROR -   Method: com.inmobi.commons.analytics.events.AnalyticsEventsWrapper.endSession(java.util.Map):void
ERROR -   Method: com.inmobi.commons.analytics.events.AnalyticsEventsWrapper.startSession(java.lang.String, java.util.Map):void
ERROR -   Method: com.inmobi.commons.analytics.events.AnalyticsEventsWrapper.tagEvent(java.lang.String, java.util.Map):void
ERROR -   Method: com.inmobi.commons.analytics.events.AnalyticsEventsWrapper.tagTransactionManually(android.content.Intent, android.os.Bundle):void
ERROR -   Method: com.inmobi.commons.analytics.iat.impl.AdTrackerUtils.setInternalReferrer(android.content.Context, java.lang.String):void
ERROR -   Method: com.inmobi.commons.analytics.iat.impl.AdTrackerUtils.setReferrerFromLogs(android.content.Context, java.lang.String):void
ERROR -   Method: com.inmobi.commons.analytics.iat.impl.GoalList.increaseRetryTime(java.lang.String, int, boolean):boolean
ERROR -   Method: com.inmobi.commons.analytics.iat.impl.config.AdTrackerInitializer.a(android.content.Context):void
ERROR -   Method: com.inmobi.commons.data.LocationInfo.currentLocationStr():java.lang.String
ERROR -   Method: com.inmobi.commons.db.DatabaseHandler.getAll(java.lang.String, java.lang.String):android.database.Cursor
ERROR -   Method: com.inmobi.commons.db.DatabaseHandler.getNRows(java.lang.String, java.lang.String, int):android.database.Cursor
ERROR -   Method: com.inmobi.commons.db.DatabaseHandler.getNoOfRows(java.lang.String, java.lang.String, java.lang.String[]):int
ERROR -   Method: com.inmobi.commons.db.DatabaseHandler.getRow(java.lang.String, java.lang.String, java.lang.String[]):android.database.Cursor
ERROR -   Method: com.inmobi.commons.internal.ApplicationFocusManager.b.invoke(java.lang.Object, java.lang.reflect.Method, java.lang.Object[]):java.lang.Object
ERROR -   Method: com.inmobi.commons.internal.InternalSDKUtil.getConnectivityType(android.content.Context):java.lang.String
ERROR -   Method: com.inmobi.commons.internal.InternalSDKUtil.getDigested(java.lang.String, java.lang.String):java.lang.String
ERROR -   Method: com.inmobi.commons.internal.WrapperFunctions.getDisplayHeight(android.view.Display):int
ERROR -   Method: com.inmobi.commons.internal.WrapperFunctions.getDisplayWidth(android.view.Display):int
ERROR -   Method: com.inmobi.commons.network.NetworkRequestTask.a():void
ERROR -   Method: com.inmobi.commons.thinICE.icedatacollector.IceDataCollector.getConnectedWifiInfo(android.content.Context):com.inmobi.commons.thinICE.wifi.WifiInfo
ERROR -   Method: com.inmobi.commons.thinICE.icedatacollector.a.run():void
ERROR -   Method: com.inmobi.commons.thirdparty.Base64.a.a(byte[], int, int, boolean):boolean
ERROR -   Method: com.inmobi.commons.thirdparty.Base64.c.a(byte[], int, int, boolean):boolean
ERROR -   Method: com.inmobi.monetization.internal.InterstitialAd.b.handleMessage(android.os.Message):void
ERROR -   Method: com.inmobi.monetization.internal.NativeAd.handleResponse(com.inmobi.monetization.internal.i, com.inmobi.commons.network.Response):void
ERROR -   Method: com.inmobi.monetization.internal.carb.CARB.a.a(java.lang.String):int
ERROR -   Method: com.inmobi.monetization.internal.carb.CarbInitializer.b(android.content.Context):void
ERROR -   Method: com.inmobi.monetization.internal.configs.Initializer.a(android.content.Context):void
ERROR -   Method: com.inmobi.monetization.internal.configs.PkInitilaizer.b(android.content.Context):void
ERROR -   Method: com.inmobi.monetization.internal.imai.RequestResponseManager.a.run():void
ERROR -   Method: com.inmobi.monetization.internal.imai.RequestResponseManager.processClickHttpClient(java.lang.String, boolean):boolean
ERROR -   Method: com.inmobi.re.configs.Initializer.a(android.content.Context):void
ERROR -   Method: com.inmobi.re.container.IMWebView.pauseAudio(java.lang.String):void
ERROR -   Method: com.inmobi.re.container.mraidimpl.MRAIDAudioVideoController.a(java.lang.String, java.lang.String, android.app.Activity):boolean
ERROR -   Method: com.inmobi.re.controller.JSUtilityController.supports(java.lang.String):boolean
ERROR -   Method: com.inmobi.re.controller.util.AVPlayer.c():void
ERROR -   Method: com.isssss.myadv.utils.ApkUtil.install(java.lang.String):java.lang.String
ERROR -   Method: com.loopme.ExipPopupLayout.<init>(android.content.Context):void
ERROR -   Method: com.millennialmedia.android.AdCache.downloadComponent(java.lang.String, java.lang.String, java.io.File, android.content.Context):boolean
ERROR -   Method: com.millennialmedia.android.AdCache.getCachedAdFile(android.content.Context, java.lang.String):java.io.File
ERROR -   Method: com.millennialmedia.android.AdCache.iterateCachedAds(android.content.Context, int, com.millennialmedia.android.AdCache$Iterator):void
ERROR -   Method: com.millennialmedia.android.AdViewOverlayActivity.onCreate(android.os.Bundle):void
ERROR -   Method: com.millennialmedia.android.AdViewOverlayView.<init>(com.millennialmedia.android.AdViewOverlayActivity, com.millennialmedia.android.OverlaySettings):void
ERROR -   Method: com.millennialmedia.android.BridgeMMMedia.PickerActivity.onActivityResult(int, int, android.content.Intent):void
ERROR -   Method: com.millennialmedia.android.BridgeMMMedia.scaleBitmapToBytes(java.io.File, int, int, java.lang.String):byte[]
ERROR -   Method: com.millennialmedia.android.HandShake.AnonymousClass_1.run():void
ERROR -   Method: com.millennialmedia.android.InterstitialAd.canShow(android.content.Context, com.millennialmedia.android.MMAdImpl, boolean):boolean
ERROR -   Method: com.millennialmedia.android.MMAdImplController.RequestAdRunnable.isAdUrlBuildable():boolean
ERROR -   Method: com.millennialmedia.android.MMAdView.initEclipseAd(android.content.Context):void
ERROR -   Method: com.millennialmedia.android.MRaid.getMMJSStats(android.content.Context):java.lang.String
ERROR -   Method: com.millennialmedia.android.MRaid.saveMRaid(android.content.Context, java.io.InputStream):boolean
ERROR -   Method: com.millennialmedia.android.VideoAd.canShow(android.content.Context, com.millennialmedia.android.MMAdImpl, boolean):boolean
ERROR -   Method: com.millennialmedia.google.gson.JsonPrimitive.equals(java.lang.Object):boolean
ERROR -   Method: com.millennialmedia.google.gson.internal._$Gson$Types.equals(java.lang.reflect.Type, java.lang.reflect.Type):boolean
ERROR -   Method: com.millennialmedia.google.gson.internal._$Gson$Types.getGenericSupertype(java.lang.reflect.Type, java.lang.Class, java.lang.Class):java.lang.reflect.Type
ERROR -   Method: com.millennialmedia.google.gson.stream.JsonReader.peekNumber():int
ERROR -   Method: com.millennialmedia.google.gson.stream.JsonWriter.string(java.lang.String):void
ERROR -   Method: com.mopub.common.ClientMetadata.getInstance(android.content.Context):com.mopub.common.ClientMetadata
ERROR -   Method: com.mopub.common.DiskLruCache.readJournal():void
ERROR -   Method: com.mopub.mobileads.MraidDisplayController.createCalendarEvent(java.util.Map):void
ERROR -   Method: com.mopub.mobileads.util.Base64.Decoder.process(byte[], int, int, boolean):boolean
ERROR -   Method: com.mopub.mobileads.util.Base64.Encoder.process(byte[], int, int, boolean):boolean
ERROR -   Method: com.nostra13.universalimageloader.cache.memory.LimitedMemoryCache.put(java.lang.Object, java.lang.Object):boolean
ERROR -   Method: mobi.vserv.android.ads.VservAd.AdClickReceiver.onReceive(android.content.Context, android.content.Intent):void
ERROR -   Method: mobi.vserv.android.ads.VservAdController.AnonymousClass_1.run():void
ERROR -   Method: mobi.vserv.android.ads.VservAdController.getMetaData():void
ERROR -   Method: mobi.vserv.android.ads.VservAdController.makeHttpConnection(java.lang.String, int):java.io.InputStream
ERROR -   Method: mobi.vserv.android.ads.VservAdController.setAdvsFlow(byte[]):void
ERROR -   Method: mobi.vserv.android.ads.VservAdManager.onActivityResult(int, int, android.content.Intent):void
ERROR -   Method: mobi.vserv.android.ads.VservAdManager.onKeyDown(int, android.view.KeyEvent):boolean
ERROR -   Method: mobi.vserv.android.ads.VservManager.makeHttpPostConnection(java.lang.String, java.lang.String):java.lang.String
ERROR -   Method: mobi.vserv.android.ads.VservManager.setAdview(java.lang.Object):void
ERROR -   Method: mobi.vserv.org.ormma.view.OrmmaView.loadUrl(java.lang.String, boolean, java.lang.String):void
ERROR -   Method: mobi.vserv.org.ormma.view.OrmmaView.open(java.lang.String, boolean, boolean, boolean):void
ERROR -   Method: mobi.vserv.org.ormma.view.OrmmaView.playVideoImpl(android.os.Bundle):void
ERROR -   Method: mobi.vserv.org.ormma.view.OrmmaView.setVideoType(java.lang.String):void
ERROR - finished with errors
